[2021-07-20 08:21:05] [INFO] [org.springframework.boot.test.context.SpringBootTestContextBootstrapper] Neither @ContextConfiguration nor @ContextHierarchy found for test class [by.itechart.web.controller.authority.AuthorityControllerTest], using SpringBootContextLoader
[2021-07-20 08:21:05] [INFO] [org.springframework.test.context.support.AbstractContextLoader] Could not detect default resource locations for test class [by.itechart.web.controller.authority.AuthorityControllerTest]: no resource found for suffixes {-context.xml, Context.groovy}.
[2021-07-20 08:21:05] [INFO] [org.springframework.test.context.support.AnnotationConfigContextLoaderUtils] Could not detect default configuration classes for test class [by.itechart.web.controller.authority.AuthorityControllerTest]: AuthorityControllerTest does not declare any static, non-private, non-final, nested classes annotated with @Configuration.
[2021-07-20 08:21:05] [INFO] [org.springframework.boot.test.context.SpringBootTestContextBootstrapper] Found @SpringBootConfiguration by.itechart.web.ApplicationWeb for test class by.itechart.web.controller.authority.AuthorityControllerTest
[2021-07-20 08:21:05] [INFO] [org.springframework.boot.test.context.SpringBootTestContextBootstrapper] Loaded default TestExecutionListener class names from location [META-INF/spring.factories]: [org.springframework.security.test.context.support.WithSecurityContextTestExecutionListener, org.springframework.security.test.context.support.ReactorContextTestExecutionListener, org.springframework.test.context.web.ServletTestExecutionListener, org.springframework.test.context.support.DirtiesContextBeforeModesTestExecutionListener, org.springframework.test.context.event.ApplicationEventsTestExecutionListener, org.springframework.test.context.support.DependencyInjectionTestExecutionListener, org.springframework.test.context.support.DirtiesContextTestExecutionListener, org.springframework.test.context.transaction.TransactionalTestExecutionListener, org.springframework.test.context.jdbc.SqlScriptsTestExecutionListener, org.springframework.test.context.event.EventPublishingTestExecutionListener, org.springframework.boot.test.mock.mockito.MockitoTestExecutionListener, org.springframework.boot.test.mock.mockito.ResetMocksTestExecutionListener, org.springframework.boot.test.autoconfigure.restdocs.RestDocsTestExecutionListener, org.springframework.boot.test.autoconfigure.web.client.MockRestServiceServerResetTestExecutionListener, org.springframework.boot.test.autoconfigure.web.servlet.MockMvcPrintOnlyOnFailureTestExecutionListener, org.springframework.boot.test.autoconfigure.web.servlet.WebDriverTestExecutionListener, org.springframework.boot.test.autoconfigure.webservices.client.MockWebServiceServerTestExecutionListener]
[2021-07-20 08:21:06] [INFO] [org.springframework.boot.test.context.SpringBootTestContextBootstrapper] Using TestExecutionListeners: [org.springframework.test.context.web.ServletTestExecutionListener@47404bea, org.springframework.test.context.support.DirtiesContextBeforeModesTestExecutionListener@305f7627, org.springframework.test.context.event.ApplicationEventsTestExecutionListener@5d018107, org.springframework.boot.test.mock.mockito.MockitoTestExecutionListener@6cbcf243, org.springframework.boot.test.autoconfigure.SpringBootDependencyInjectionTestExecutionListener@29e6eb25, org.springframework.test.context.support.DirtiesContextTestExecutionListener@62435e70, org.springframework.test.context.transaction.TransactionalTestExecutionListener@339bf286, org.springframework.test.context.jdbc.SqlScriptsTestExecutionListener@38be305c, org.springframework.security.test.context.support.WithSecurityContextTestExecutionListener@269f4bad, org.springframework.test.context.event.EventPublishingTestExecutionListener@5ed731d0, org.springframework.security.test.context.support.ReactorContextTestExecutionListener@3234f74e, org.springframework.boot.test.mock.mockito.ResetMocksTestExecutionListener@7bc10d84, org.springframework.boot.test.autoconfigure.restdocs.RestDocsTestExecutionListener@275fe372, org.springframework.boot.test.autoconfigure.web.client.MockRestServiceServerResetTestExecutionListener@40e10ff8, org.springframework.boot.test.autoconfigure.web.servlet.MockMvcPrintOnlyOnFailureTestExecutionListener@557a1e2d, org.springframework.boot.test.autoconfigure.web.servlet.WebDriverTestExecutionListener@26a4842b, org.springframework.boot.test.autoconfigure.webservices.client.MockWebServiceServerTestExecutionListener@7e38a7fe]
[2021-07-20 08:21:06] [INFO] [org.hibernate.validator.internal.util.Version] HV000001: Hibernate Validator 6.2.0.Final
[2021-07-20 08:21:06] [INFO] [by.itechart.web.controller.authority.AuthorityControllerTest] Starting AuthorityControllerTest using Java 16.0.1 on WIN-DQOGFATQ970 with PID 4660 (started by user in C:\Users\user\IdeaProjects\clone\Attendings_journal\journal-common\web)
[2021-07-20 08:21:06] [INFO] [by.itechart.web.controller.authority.AuthorityControllerTest] The following profiles are active: test
[2021-07-20 08:21:07] [INFO] [org.springframework.data.repository.config.RepositoryConfigurationDelegate] Bootstrapping Spring Data JPA repositories in DEFAULT mode.
[2021-07-20 08:21:07] [INFO] [org.springframework.data.repository.config.RepositoryConfigurationDelegate] Finished Spring Data repository scanning in 70 ms. Found 6 JPA repository interfaces.
[2021-07-20 08:21:08] [INFO] [org.hibernate.jpa.internal.util.LogHelper] HHH000204: Processing PersistenceUnitInfo [name: default]
[2021-07-20 08:21:08] [INFO] [org.hibernate.Version] HHH000412: Hibernate ORM core version 5.4.32.Final
[2021-07-20 08:21:08] [INFO] [org.hibernate.annotations.common.Version] HCANN000001: Hibernate Commons Annotations {5.1.2.Final}
[2021-07-20 08:21:08] [INFO] [com.zaxxer.hikari.HikariDataSource] HikariPool-1 - Starting...
[2021-07-20 08:21:09] [INFO] [com.zaxxer.hikari.HikariDataSource] HikariPool-1 - Start completed.
[2021-07-20 08:21:09] [INFO] [org.hibernate.dialect.Dialect] HHH000400: Using dialect: org.hibernate.dialect.H2Dialect
[2021-07-20 08:21:10] [INFO] [org.hibernate.engine.transaction.jta.platform.internal.JtaPlatformInitiator] HHH000490: Using JtaPlatform implementation: [org.hibernate.engine.transaction.jta.platform.internal.NoJtaPlatform]
[2021-07-20 08:21:10] [INFO] [org.springframework.orm.jpa.LocalContainerEntityManagerFactoryBean] Initialized JPA EntityManagerFactory for persistence unit 'default'
[2021-07-20 08:21:10] [WARN] [org.springframework.boot.autoconfigure.orm.jpa.JpaBaseConfiguration$JpaWebConfiguration] spring.jpa.open-in-view is enabled by default. Therefore, database queries may be performed during view rendering. Explicitly configure spring.jpa.open-in-view to disable this warning
[2021-07-20 08:21:11] [INFO] [by.itechart.web.controller.authority.AuthorityControllerTest] Started AuthorityControllerTest in 5.083 seconds (JVM running for 6.462)
[2021-07-20 08:21:11] [INFO] [org.springframework.boot.test.mock.web.SpringBootMockServletContext] Initializing Spring TestDispatcherServlet ''
[2021-07-20 08:21:11] [INFO] [org.springframework.test.web.servlet.TestDispatcherServlet] Initializing Servlet ''
[2021-07-20 08:21:12] [INFO] [org.springframework.test.web.servlet.TestDispatcherServlet] Completed initialization in 918 ms
[2021-07-20 08:21:12] [INFO] [by.itechart.web.controller.authority.AuthorityControllerTest] Test deleteAuthorityByName() method
[2021-07-20 08:21:12] [INFO] [org.springframework.security.web.DefaultSecurityFilterChain] Will secure Ant [pattern='/'] with []
[2021-07-20 08:21:12] [INFO] [org.springframework.security.web.DefaultSecurityFilterChain] Will secure Ant [pattern='/register'] with []
[2021-07-20 08:21:12] [INFO] [org.springframework.security.web.DefaultSecurityFilterChain] Will secure any request with [org.springframework.security.web.context.request.async.WebAsyncManagerIntegrationFilter@123a21ad, org.springframework.security.web.context.SecurityContextPersistenceFilter@5a02fca5, org.springframework.security.web.header.HeaderWriterFilter@16c3388e, org.springframework.security.web.authentication.logout.LogoutFilter@5e609b42, by.itechart.web.security.token.JwtFilter@45bbb3e8, org.springframework.security.web.savedrequest.RequestCacheAwareFilter@46bbcb82, org.springframework.security.web.servletapi.SecurityContextHolderAwareRequestFilter@36b2b6e6, org.springframework.security.web.authentication.AnonymousAuthenticationFilter@51179fad, org.springframework.security.web.session.SessionManagementFilter@730611a0, org.springframework.security.web.access.ExceptionTranslationFilter@44f6ac4f, org.springframework.security.web.access.intercept.FilterSecurityInterceptor@6e2764c9]
[2021-07-20 08:21:12] [INFO] [by.itechart.web.security.token.JwtFilter] Generate a JWT token
[2021-07-20 08:21:12] [INFO] [by.itechart.model.util.ValidationUtil] Validate input params
[2021-07-20 08:21:12] [INFO] [by.itechart.service.authority.AuthorityServiceImpl] Remove an authority by the name = USER
[2021-07-20 08:21:13] [INFO] [by.itechart.web.controller.authority.AuthorityControllerTest] Test getAuthorityById() method
[2021-07-20 08:21:13] [INFO] [by.itechart.web.security.token.JwtFilter] Generate a JWT token
[2021-07-20 08:21:13] [INFO] [by.itechart.model.util.ValidationUtil] Validate input params
[2021-07-20 08:21:13] [INFO] [by.itechart.service.authority.AuthorityServiceImpl] Receive an authority by ID = 100000
[2021-07-20 08:21:13] [INFO] [by.itechart.model.util.ValidationUtil] Validate an optional not to be equals NULL
[2021-07-20 08:21:13] [INFO] [by.itechart.web.controller.authority.AuthorityControllerTest] Test updateAuthority() method
[2021-07-20 08:21:13] [INFO] [by.itechart.web.security.token.JwtFilter] Generate a JWT token
[2021-07-20 08:21:13] [INFO] [by.itechart.model.util.ValidationUtil] Validate input params
[2021-07-20 08:21:13] [INFO] [by.itechart.service.authority.AuthorityServiceImpl] Update an authority with the ID = 100000
[2021-07-20 08:21:13] [INFO] [by.itechart.model.util.ValidationUtil] Validate input params
[2021-07-20 08:21:13] [INFO] [by.itechart.service.authority.AuthorityServiceImpl] Receive an authority by ID = 100000
[2021-07-20 08:21:13] [INFO] [by.itechart.model.util.ValidationUtil] Validate an optional not to be equals NULL
[2021-07-20 08:21:13] [INFO] [by.itechart.web.controller.authority.AuthorityControllerTest] Test deleteAuthorityById() method
[2021-07-20 08:21:13] [INFO] [by.itechart.web.security.token.JwtFilter] Generate a JWT token
[2021-07-20 08:21:13] [INFO] [by.itechart.model.util.ValidationUtil] Validate input params
[2021-07-20 08:21:13] [INFO] [by.itechart.service.authority.AuthorityServiceImpl] Remove an authority by the ID = 100000
[2021-07-20 08:21:13] [INFO] [by.itechart.web.controller.authority.AuthorityControllerTest] Test getAuthorityByName() method
[2021-07-20 08:21:13] [INFO] [by.itechart.web.security.token.JwtFilter] Generate a JWT token
[2021-07-20 08:21:13] [INFO] [by.itechart.model.util.ValidationUtil] Validate input params
[2021-07-20 08:21:13] [INFO] [by.itechart.service.authority.AuthorityServiceImpl] Receive an authority by the name = USER
[2021-07-20 08:21:13] [INFO] [by.itechart.model.util.ValidationUtil] Validate an optional not to be equals NULL
[2021-07-20 08:21:13] [INFO] [by.itechart.web.controller.authority.AuthorityControllerTest] Test getAllAuthorities() method
[2021-07-20 08:21:13] [INFO] [by.itechart.web.security.token.JwtFilter] Generate a JWT token
[2021-07-20 08:21:13] [INFO] [by.itechart.service.authority.AuthorityServiceImpl] Receive a list of all authorities
[2021-07-20 08:21:13] [INFO] [by.itechart.web.controller.authority.AuthorityControllerTest] Test saveAuthority() method
[2021-07-20 08:21:13] [INFO] [by.itechart.web.security.token.JwtFilter] Generate a JWT token
[2021-07-20 08:21:13] [INFO] [by.itechart.model.util.ValidationUtil] Validate input params
[2021-07-20 08:21:13] [INFO] [by.itechart.service.authority.AuthorityServiceImpl] Store an authority with a name = TESTER
[2021-07-20 08:21:13] [INFO] [org.springframework.boot.test.context.SpringBootTestContextBootstrapper] Neither @ContextConfiguration nor @ContextHierarchy found for test class [by.itechart.web.controller.schoolClass.SchoolClassControllerTest], using SpringBootContextLoader
[2021-07-20 08:21:13] [INFO] [org.springframework.test.context.support.AbstractContextLoader] Could not detect default resource locations for test class [by.itechart.web.controller.schoolClass.SchoolClassControllerTest]: no resource found for suffixes {-context.xml, Context.groovy}.
[2021-07-20 08:21:13] [INFO] [org.springframework.test.context.support.AnnotationConfigContextLoaderUtils] Could not detect default configuration classes for test class [by.itechart.web.controller.schoolClass.SchoolClassControllerTest]: SchoolClassControllerTest does not declare any static, non-private, non-final, nested classes annotated with @Configuration.
[2021-07-20 08:21:13] [INFO] [org.springframework.boot.test.context.SpringBootTestContextBootstrapper] Found @SpringBootConfiguration by.itechart.web.ApplicationWeb for test class by.itechart.web.controller.schoolClass.SchoolClassControllerTest
[2021-07-20 08:21:13] [INFO] [org.springframework.boot.test.context.SpringBootTestContextBootstrapper] Loaded default TestExecutionListener class names from location [META-INF/spring.factories]: [org.springframework.security.test.context.support.WithSecurityContextTestExecutionListener, org.springframework.security.test.context.support.ReactorContextTestExecutionListener, org.springframework.test.context.web.ServletTestExecutionListener, org.springframework.test.context.support.DirtiesContextBeforeModesTestExecutionListener, org.springframework.test.context.event.ApplicationEventsTestExecutionListener, org.springframework.test.context.support.DependencyInjectionTestExecutionListener, org.springframework.test.context.support.DirtiesContextTestExecutionListener, org.springframework.test.context.transaction.TransactionalTestExecutionListener, org.springframework.test.context.jdbc.SqlScriptsTestExecutionListener, org.springframework.test.context.event.EventPublishingTestExecutionListener, org.springframework.boot.test.mock.mockito.MockitoTestExecutionListener, org.springframework.boot.test.mock.mockito.ResetMocksTestExecutionListener, org.springframework.boot.test.autoconfigure.restdocs.RestDocsTestExecutionListener, org.springframework.boot.test.autoconfigure.web.client.MockRestServiceServerResetTestExecutionListener, org.springframework.boot.test.autoconfigure.web.servlet.MockMvcPrintOnlyOnFailureTestExecutionListener, org.springframework.boot.test.autoconfigure.web.servlet.WebDriverTestExecutionListener, org.springframework.boot.test.autoconfigure.webservices.client.MockWebServiceServerTestExecutionListener]
[2021-07-20 08:21:13] [INFO] [org.springframework.boot.test.context.SpringBootTestContextBootstrapper] Using TestExecutionListeners: [org.springframework.test.context.web.ServletTestExecutionListener@3d1703f8, org.springframework.test.context.support.DirtiesContextBeforeModesTestExecutionListener@2d492d46, org.springframework.test.context.event.ApplicationEventsTestExecutionListener@7bb78381, org.springframework.boot.test.mock.mockito.MockitoTestExecutionListener@50479c2b, org.springframework.boot.test.autoconfigure.SpringBootDependencyInjectionTestExecutionListener@554a4d18, org.springframework.test.context.support.DirtiesContextTestExecutionListener@318d69ea, org.springframework.test.context.transaction.TransactionalTestExecutionListener@76614fd1, org.springframework.test.context.jdbc.SqlScriptsTestExecutionListener@1a2b23f2, org.springframework.security.test.context.support.WithSecurityContextTestExecutionListener@1d8e9f22, org.springframework.test.context.event.EventPublishingTestExecutionListener@47166740, org.springframework.security.test.context.support.ReactorContextTestExecutionListener@3b75b7b4, org.springframework.boot.test.mock.mockito.ResetMocksTestExecutionListener@7882379b, org.springframework.boot.test.autoconfigure.restdocs.RestDocsTestExecutionListener@119cd026, org.springframework.boot.test.autoconfigure.web.client.MockRestServiceServerResetTestExecutionListener@65448932, org.springframework.boot.test.autoconfigure.web.servlet.MockMvcPrintOnlyOnFailureTestExecutionListener@731a5a39, org.springframework.boot.test.autoconfigure.web.servlet.WebDriverTestExecutionListener@1acd952e, org.springframework.boot.test.autoconfigure.webservices.client.MockWebServiceServerTestExecutionListener@6da76bb1]
[2021-07-20 08:21:13] [INFO] [by.itechart.web.controller.schoolClass.SchoolClassControllerTest] Update a school class and return school class dto for the method updateSchoolClass() and status OK
[2021-07-20 08:21:13] [INFO] [by.itechart.web.security.token.JwtFilter] Generate a JWT token
[2021-07-20 08:21:13] [INFO] [by.itechart.mapping.schoolClass.SchoolClassMapperWithUser] Mapping a school class dto to the school class object for Update method
[2021-07-20 08:21:13] [INFO] [by.itechart.model.util.ValidationUtil] Validate an optional not to be equals NULL
[2021-07-20 08:21:13] [INFO] [by.itechart.model.util.ValidationUtil] Validate an optional not to be equals NULL
[2021-07-20 08:21:13] [INFO] [by.itechart.model.util.ValidationUtil] Validate input params
[2021-07-20 08:21:13] [INFO] [by.itechart.service.schoolClass.SchoolClassServiceImpl] Update a school class with ID = 12
[2021-07-20 08:21:13] [INFO] [by.itechart.model.util.ValidationUtil] Validate input params
[2021-07-20 08:21:13] [INFO] [by.itechart.service.schoolClass.SchoolClassServiceImpl] Receive a school class by Id = 12
[2021-07-20 08:21:13] [INFO] [by.itechart.model.util.ValidationUtil] Validate an optional not to be equals NULL
[2021-07-20 08:21:13] [INFO] [by.itechart.web.controller.schoolClass.SchoolClassControllerTest] Store a school class and return a school class dto from method saveSchoolClass() and status CREATE
[2021-07-20 08:21:13] [INFO] [by.itechart.web.security.token.JwtFilter] Generate a JWT token
[2021-07-20 08:21:13] [INFO] [by.itechart.mapping.schoolClass.SchoolClassMapperWithUser] Mapping a school class dto to the school class object for CREATE method
[2021-07-20 08:21:13] [INFO] [by.itechart.model.util.ValidationUtil] Validate an optional not to be equals NULL
[2021-07-20 08:21:13] [INFO] [by.itechart.model.util.ValidationUtil] Validate input params
[2021-07-20 08:21:13] [INFO] [by.itechart.service.schoolClass.SchoolClassServiceImpl] Save a new school class with a name = 12B
[2021-07-20 08:21:13] [INFO] [by.itechart.web.controller.schoolClass.SchoolClassControllerTest] Receive a school class dto from method getSchoolClassById() and status OK
[2021-07-20 08:21:13] [INFO] [by.itechart.web.security.token.JwtFilter] Generate a JWT token
[2021-07-20 08:21:13] [INFO] [by.itechart.model.util.ValidationUtil] Validate input params
[2021-07-20 08:21:13] [INFO] [by.itechart.service.schoolClass.SchoolClassServiceImpl] Receive a school class by Id = 12
[2021-07-20 08:21:13] [INFO] [by.itechart.model.util.ValidationUtil] Validate an optional not to be equals NULL
[2021-07-20 08:21:13] [INFO] [by.itechart.web.controller.schoolClass.SchoolClassControllerTest] Remove a school class by its name from the method deleteSchoolClassByName() and status OK
[2021-07-20 08:21:13] [INFO] [by.itechart.web.security.token.JwtFilter] Generate a JWT token
[2021-07-20 08:21:13] [INFO] [by.itechart.model.util.ValidationUtil] Validate input params
[2021-07-20 08:21:13] [INFO] [by.itechart.service.schoolClass.SchoolClassServiceImpl] Remove a school class with the name = 1A
[2021-07-20 08:21:13] [INFO] [by.itechart.web.controller.schoolClass.SchoolClassControllerTest] Receive a list of school classes dto from method getAllSchoolClasses() and status OK
[2021-07-20 08:21:13] [INFO] [by.itechart.web.security.token.JwtFilter] Generate a JWT token
[2021-07-20 08:21:13] [INFO] [by.itechart.model.util.ValidationUtil] Validate input params
[2021-07-20 08:21:13] [INFO] [by.itechart.service.schoolClass.SchoolClassServiceImpl] Receive a list of all school classes
[2021-07-20 08:21:13] [INFO] [by.itechart.web.controller.schoolClass.SchoolClassControllerTest] Receive a school class dto from method getSchoolClassByName() and status OK
[2021-07-20 08:21:13] [INFO] [by.itechart.web.security.token.JwtFilter] Generate a JWT token
[2021-07-20 08:21:13] [INFO] [by.itechart.model.util.ValidationUtil] Validate input params
[2021-07-20 08:21:13] [INFO] [by.itechart.service.schoolClass.SchoolClassServiceImpl] Receive a school class with the name = 1A
[2021-07-20 08:21:13] [INFO] [by.itechart.model.util.ValidationUtil] Validate an optional not to be equals NULL
[2021-07-20 08:21:13] [INFO] [by.itechart.web.controller.schoolClass.SchoolClassControllerTest] Remove a school class by its id from the method deleteSchoolClassById() and status OK
[2021-07-20 08:21:13] [INFO] [by.itechart.web.security.token.JwtFilter] Generate a JWT token
[2021-07-20 08:21:13] [INFO] [by.itechart.model.util.ValidationUtil] Validate input params
[2021-07-20 08:21:13] [INFO] [by.itechart.service.schoolClass.SchoolClassServiceImpl] Remove a school class with ID = 12
[2021-07-20 08:21:13] [INFO] [org.springframework.boot.test.context.SpringBootTestContextBootstrapper] Neither @ContextConfiguration nor @ContextHierarchy found for test class [by.itechart.web.controller.student.StudentControllerTest], using SpringBootContextLoader
[2021-07-20 08:21:13] [INFO] [org.springframework.test.context.support.AbstractContextLoader] Could not detect default resource locations for test class [by.itechart.web.controller.student.StudentControllerTest]: no resource found for suffixes {-context.xml, Context.groovy}.
[2021-07-20 08:21:13] [INFO] [org.springframework.test.context.support.AnnotationConfigContextLoaderUtils] Could not detect default configuration classes for test class [by.itechart.web.controller.student.StudentControllerTest]: StudentControllerTest does not declare any static, non-private, non-final, nested classes annotated with @Configuration.
[2021-07-20 08:21:13] [INFO] [org.springframework.boot.test.context.SpringBootTestContextBootstrapper] Found @SpringBootConfiguration by.itechart.web.ApplicationWeb for test class by.itechart.web.controller.student.StudentControllerTest
[2021-07-20 08:21:13] [INFO] [org.springframework.boot.test.context.SpringBootTestContextBootstrapper] Loaded default TestExecutionListener class names from location [META-INF/spring.factories]: [org.springframework.security.test.context.support.WithSecurityContextTestExecutionListener, org.springframework.security.test.context.support.ReactorContextTestExecutionListener, org.springframework.test.context.web.ServletTestExecutionListener, org.springframework.test.context.support.DirtiesContextBeforeModesTestExecutionListener, org.springframework.test.context.event.ApplicationEventsTestExecutionListener, org.springframework.test.context.support.DependencyInjectionTestExecutionListener, org.springframework.test.context.support.DirtiesContextTestExecutionListener, org.springframework.test.context.transaction.TransactionalTestExecutionListener, org.springframework.test.context.jdbc.SqlScriptsTestExecutionListener, org.springframework.test.context.event.EventPublishingTestExecutionListener, org.springframework.boot.test.mock.mockito.MockitoTestExecutionListener, org.springframework.boot.test.mock.mockito.ResetMocksTestExecutionListener, org.springframework.boot.test.autoconfigure.restdocs.RestDocsTestExecutionListener, org.springframework.boot.test.autoconfigure.web.client.MockRestServiceServerResetTestExecutionListener, org.springframework.boot.test.autoconfigure.web.servlet.MockMvcPrintOnlyOnFailureTestExecutionListener, org.springframework.boot.test.autoconfigure.web.servlet.WebDriverTestExecutionListener, org.springframework.boot.test.autoconfigure.webservices.client.MockWebServiceServerTestExecutionListener]
[2021-07-20 08:21:13] [INFO] [org.springframework.boot.test.context.SpringBootTestContextBootstrapper] Using TestExecutionListeners: [org.springframework.test.context.web.ServletTestExecutionListener@1bce19db, org.springframework.test.context.support.DirtiesContextBeforeModesTestExecutionListener@4c1f4817, org.springframework.test.context.event.ApplicationEventsTestExecutionListener@5d3c0735, org.springframework.boot.test.mock.mockito.MockitoTestExecutionListener@7a68818c, org.springframework.boot.test.autoconfigure.SpringBootDependencyInjectionTestExecutionListener@11034fdb, org.springframework.test.context.support.DirtiesContextTestExecutionListener@276ae21c, org.springframework.test.context.transaction.TransactionalTestExecutionListener@1a524c6b, org.springframework.test.context.jdbc.SqlScriptsTestExecutionListener@2408ca4c, org.springframework.security.test.context.support.WithSecurityContextTestExecutionListener@2f7e2481, org.springframework.test.context.event.EventPublishingTestExecutionListener@5f745970, org.springframework.security.test.context.support.ReactorContextTestExecutionListener@57cd77e1, org.springframework.boot.test.mock.mockito.ResetMocksTestExecutionListener@35f59dfe, org.springframework.boot.test.autoconfigure.restdocs.RestDocsTestExecutionListener@6b71fded, org.springframework.boot.test.autoconfigure.web.client.MockRestServiceServerResetTestExecutionListener@1633962a, org.springframework.boot.test.autoconfigure.web.servlet.MockMvcPrintOnlyOnFailureTestExecutionListener@2afd8972, org.springframework.boot.test.autoconfigure.web.servlet.WebDriverTestExecutionListener@33fefbbe, org.springframework.boot.test.autoconfigure.webservices.client.MockWebServiceServerTestExecutionListener@5784f6b9]
[2021-07-20 08:21:13] [INFO] [by.itechart.web.controller.student.StudentControllerTest] Update a student and return student dto without id for the method updateStudent() and status OK
[2021-07-20 08:21:13] [INFO] [by.itechart.web.security.token.JwtFilter] Generate a JWT token
[2021-07-20 08:21:13] [INFO] [by.itechart.mapping.student.StudentMapperWithSchoolClass] Mapping from a student dto to the student with the school class ID = 12
[2021-07-20 08:21:13] [INFO] [by.itechart.model.util.ValidationUtil] Validate an optional not to be equals NULL
[2021-07-20 08:21:13] [INFO] [by.itechart.model.util.ValidationUtil] Validate input params
[2021-07-20 08:21:13] [INFO] [by.itechart.service.student.StudentServiceImpl] Update a student with ID = 6 for a class with ID = 12
[2021-07-20 08:21:13] [INFO] [by.itechart.web.controller.student.StudentControllerTest] Store a student and return student dto without id from method saveStudent() and status CREATE
[2021-07-20 08:21:13] [INFO] [by.itechart.web.security.token.JwtFilter] Generate a JWT token
[2021-07-20 08:21:13] [INFO] [by.itechart.mapping.student.StudentMapperWithSchoolClass] Mapping from a student dto to the student with the school class ID = 12
[2021-07-20 08:21:13] [INFO] [by.itechart.model.util.ValidationUtil] Validate an optional not to be equals NULL
[2021-07-20 08:21:13] [INFO] [by.itechart.model.util.ValidationUtil] Validate input params
[2021-07-20 08:21:13] [INFO] [by.itechart.service.student.StudentServiceImpl] Storing a student for the class with ID = 12
[2021-07-20 08:21:13] [INFO] [by.itechart.web.controller.student.StudentControllerTest] Remove a student by its id from the method deleteStudentById() and status OK
[2021-07-20 08:21:13] [INFO] [by.itechart.web.security.token.JwtFilter] Generate a JWT token
[2021-07-20 08:21:13] [INFO] [by.itechart.model.util.ValidationUtil] Validate input params
[2021-07-20 08:21:13] [INFO] [by.itechart.service.student.StudentServiceImpl] Remove a student with ID = 6
[2021-07-20 08:21:13] [INFO] [by.itechart.web.controller.student.StudentControllerTest] Receive a list of Student dto with id from method findAllStudents() and status OK
[2021-07-20 08:21:13] [INFO] [by.itechart.web.security.token.JwtFilter] Generate a JWT token
[2021-07-20 08:21:13] [INFO] [by.itechart.model.util.ValidationUtil] Validate input params
[2021-07-20 08:21:13] [INFO] [by.itechart.service.student.StudentServiceImpl] Receive a pageable collection of all student for a class with ID = 12
[2021-07-20 08:21:13] [INFO] [by.itechart.web.controller.student.StudentControllerTest] Receive a student dto without id from method getStudentById() and status OK
[2021-07-20 08:21:13] [INFO] [by.itechart.web.security.token.JwtFilter] Generate a JWT token
[2021-07-20 08:21:13] [INFO] [by.itechart.model.util.ValidationUtil] Validate input params
[2021-07-20 08:21:13] [INFO] [by.itechart.service.student.StudentServiceImpl] Receive a student by ID = 6 for a school class with ID = 12
[2021-07-20 08:21:13] [INFO] [by.itechart.model.util.ValidationUtil] Validate an optional not to be equals NULL
[2021-07-20 08:21:13] [INFO] [org.springframework.boot.test.context.SpringBootTestContextBootstrapper] Neither @ContextConfiguration nor @ContextHierarchy found for test class [by.itechart.web.controller.user.AdminControllerTest], using SpringBootContextLoader
[2021-07-20 08:21:13] [INFO] [org.springframework.test.context.support.AbstractContextLoader] Could not detect default resource locations for test class [by.itechart.web.controller.user.AdminControllerTest]: no resource found for suffixes {-context.xml, Context.groovy}.
[2021-07-20 08:21:13] [INFO] [org.springframework.test.context.support.AnnotationConfigContextLoaderUtils] Could not detect default configuration classes for test class [by.itechart.web.controller.user.AdminControllerTest]: AdminControllerTest does not declare any static, non-private, non-final, nested classes annotated with @Configuration.
[2021-07-20 08:21:13] [INFO] [org.springframework.boot.test.context.SpringBootTestContextBootstrapper] Found @SpringBootConfiguration by.itechart.web.ApplicationWeb for test class by.itechart.web.controller.user.AdminControllerTest
[2021-07-20 08:21:13] [INFO] [org.springframework.boot.test.context.SpringBootTestContextBootstrapper] Loaded default TestExecutionListener class names from location [META-INF/spring.factories]: [org.springframework.security.test.context.support.WithSecurityContextTestExecutionListener, org.springframework.security.test.context.support.ReactorContextTestExecutionListener, org.springframework.test.context.web.ServletTestExecutionListener, org.springframework.test.context.support.DirtiesContextBeforeModesTestExecutionListener, org.springframework.test.context.event.ApplicationEventsTestExecutionListener, org.springframework.test.context.support.DependencyInjectionTestExecutionListener, org.springframework.test.context.support.DirtiesContextTestExecutionListener, org.springframework.test.context.transaction.TransactionalTestExecutionListener, org.springframework.test.context.jdbc.SqlScriptsTestExecutionListener, org.springframework.test.context.event.EventPublishingTestExecutionListener, org.springframework.boot.test.mock.mockito.MockitoTestExecutionListener, org.springframework.boot.test.mock.mockito.ResetMocksTestExecutionListener, org.springframework.boot.test.autoconfigure.restdocs.RestDocsTestExecutionListener, org.springframework.boot.test.autoconfigure.web.client.MockRestServiceServerResetTestExecutionListener, org.springframework.boot.test.autoconfigure.web.servlet.MockMvcPrintOnlyOnFailureTestExecutionListener, org.springframework.boot.test.autoconfigure.web.servlet.WebDriverTestExecutionListener, org.springframework.boot.test.autoconfigure.webservices.client.MockWebServiceServerTestExecutionListener]
[2021-07-20 08:21:13] [INFO] [org.springframework.boot.test.context.SpringBootTestContextBootstrapper] Using TestExecutionListeners: [org.springframework.test.context.web.ServletTestExecutionListener@504f2bcd, org.springframework.test.context.support.DirtiesContextBeforeModesTestExecutionListener@3c7e7ffd, org.springframework.test.context.event.ApplicationEventsTestExecutionListener@45d28ab7, org.springframework.boot.test.mock.mockito.MockitoTestExecutionListener@51dd74a0, org.springframework.boot.test.autoconfigure.SpringBootDependencyInjectionTestExecutionListener@78652c15, org.springframework.test.context.support.DirtiesContextTestExecutionListener@372b2573, org.springframework.test.context.transaction.TransactionalTestExecutionListener@66fd9613, org.springframework.test.context.jdbc.SqlScriptsTestExecutionListener@5c3f9618, org.springframework.security.test.context.support.WithSecurityContextTestExecutionListener@deb0c0e, org.springframework.test.context.event.EventPublishingTestExecutionListener@6385b07d, org.springframework.security.test.context.support.ReactorContextTestExecutionListener@6942ff10, org.springframework.boot.test.mock.mockito.ResetMocksTestExecutionListener@49ed3b76, org.springframework.boot.test.autoconfigure.restdocs.RestDocsTestExecutionListener@1c33d539, org.springframework.boot.test.autoconfigure.web.client.MockRestServiceServerResetTestExecutionListener@527b989a, org.springframework.boot.test.autoconfigure.web.servlet.MockMvcPrintOnlyOnFailureTestExecutionListener@2c3f47ba, org.springframework.boot.test.autoconfigure.web.servlet.WebDriverTestExecutionListener@ca9ffc0, org.springframework.boot.test.autoconfigure.webservices.client.MockWebServiceServerTestExecutionListener@e316971]
[2021-07-20 08:21:13] [INFO] [by.itechart.web.controller.user.AdminControllerTest] Test getUserByName() method with ADMIN role
[2021-07-20 08:21:13] [INFO] [by.itechart.web.security.token.JwtFilter] Generate a JWT token
[2021-07-20 08:21:13] [INFO] [by.itechart.model.util.ValidationUtil] Validate input params
[2021-07-20 08:21:13] [INFO] [by.itechart.service.user.UserServiceImpl] Receive a user by the name = alex@gmail.com
[2021-07-20 08:21:13] [INFO] [by.itechart.model.util.ValidationUtil] Validate an optional not to be equals NULL
[2021-07-20 08:21:13] [INFO] [by.itechart.web.controller.user.AdminControllerTest] Test getAllUsers() with ADMIN role
[2021-07-20 08:21:13] [INFO] [by.itechart.web.security.token.JwtFilter] Generate a JWT token
[2021-07-20 08:21:13] [INFO] [by.itechart.service.user.UserServiceImpl] Receive a list of all users
[2021-07-20 08:21:13] [INFO] [by.itechart.web.controller.user.AdminControllerTest] Test deleteUserByUsername() with ADMIN role
[2021-07-20 08:21:13] [INFO] [by.itechart.web.security.token.JwtFilter] Generate a JWT token
[2021-07-20 08:21:13] [INFO] [by.itechart.model.util.ValidationUtil] Validate input params
[2021-07-20 08:21:13] [INFO] [by.itechart.service.user.UserServiceImpl] Remove a user by the name = alex@gmail.com
[2021-07-20 08:21:13] [INFO] [by.itechart.web.controller.user.AdminControllerTest] Test getAllUsersByAuthorityName() with ADMIN role
[2021-07-20 08:21:13] [INFO] [by.itechart.web.security.token.JwtFilter] Generate a JWT token
[2021-07-20 08:21:13] [INFO] [by.itechart.model.util.ValidationUtil] Validate input params
[2021-07-20 08:21:13] [INFO] [by.itechart.service.user.UserServiceImpl] Receive a list of all users by the authority name = ADMIN
[2021-07-20 08:21:13] [INFO] [by.itechart.web.controller.user.AdminControllerTest] Test saveUser() method with ADMIN role
[2021-07-20 08:21:13] [INFO] [by.itechart.web.security.token.JwtFilter] Generate a JWT token
[2021-07-20 08:21:13] [INFO] [by.itechart.mapping.user.UserMapperWithUserRole] Mapping a user dto to user with a role USER
[2021-07-20 08:21:13] [INFO] [by.itechart.model.util.ValidationUtil] Validate an optional not to be equals NULL
[2021-07-20 08:21:13] [INFO] [by.itechart.model.util.ValidationUtil] Validate input params
[2021-07-20 08:21:13] [INFO] [by.itechart.model.util.ValidationUtil] Validate input params
[2021-07-20 08:21:13] [INFO] [by.itechart.service.user.UserServiceImpl] Receive a user by the name = stored@gmail.com
[2021-07-20 08:21:13] [INFO] [by.itechart.model.util.ValidationUtil] Validate an optional not to be equals NULL
[2021-07-20 08:21:13] [ERROR] [by.itechart.model.util.ValidationUtil] The exception has occurred for the class = by.itechart.model.user.User
[2021-07-20 08:21:13] [INFO] [by.itechart.service.user.UserServiceImpl] Store a user with the name = stored@gmail.com
[2021-07-20 08:21:14] [INFO] [by.itechart.web.controller.user.AdminControllerTest] Test updateUser() method
[2021-07-20 08:21:14] [INFO] [by.itechart.web.security.token.JwtFilter] Generate a JWT token
[2021-07-20 08:21:14] [INFO] [by.itechart.mapping.user.UserMapperWithUserRole] Mapping a user dto to user with a role USER for the update method
[2021-07-20 08:21:14] [INFO] [by.itechart.model.util.ValidationUtil] Validate an optional not to be equals NULL
[2021-07-20 08:21:14] [INFO] [by.itechart.model.util.ValidationUtil] Validate an optional not to be equals NULL
[2021-07-20 08:21:14] [INFO] [by.itechart.model.util.ValidationUtil] Validate input params
[2021-07-20 08:21:14] [INFO] [by.itechart.service.user.UserServiceImpl] Update a user with the ID = 100003
[2021-07-20 08:21:14] [INFO] [by.itechart.model.util.ValidationUtil] Validate input params
[2021-07-20 08:21:14] [INFO] [by.itechart.service.user.UserServiceImpl] Receive a user by the ID = 100003
[2021-07-20 08:21:14] [INFO] [by.itechart.model.util.ValidationUtil] Validate an optional not to be equals NULL
[2021-07-20 08:21:14] [INFO] [by.itechart.web.controller.user.AdminControllerTest] Test deleteUserById() method with ADMIN role
[2021-07-20 08:21:14] [INFO] [by.itechart.web.security.token.JwtFilter] Generate a JWT token
[2021-07-20 08:21:14] [INFO] [by.itechart.model.util.ValidationUtil] Validate input params
[2021-07-20 08:21:14] [INFO] [by.itechart.service.user.UserServiceImpl] Remove a user by the ID = 100003
[2021-07-20 08:21:14] [INFO] [by.itechart.web.controller.user.AdminControllerTest] Test getUserById() method with ADMIN role
[2021-07-20 08:21:14] [INFO] [by.itechart.web.security.token.JwtFilter] Generate a JWT token
[2021-07-20 08:21:14] [INFO] [by.itechart.model.util.ValidationUtil] Validate input params
[2021-07-20 08:21:14] [INFO] [by.itechart.service.user.UserServiceImpl] Receive a user by the ID = 100003
[2021-07-20 08:21:14] [INFO] [by.itechart.model.util.ValidationUtil] Validate an optional not to be equals NULL
[2021-07-20 08:21:14] [INFO] [org.springframework.boot.test.context.SpringBootTestContextBootstrapper] Neither @ContextConfiguration nor @ContextHierarchy found for test class [by.itechart.web.controller.user.RegisterControllerTest], using SpringBootContextLoader
[2021-07-20 08:21:14] [INFO] [org.springframework.test.context.support.AbstractContextLoader] Could not detect default resource locations for test class [by.itechart.web.controller.user.RegisterControllerTest]: no resource found for suffixes {-context.xml, Context.groovy}.
[2021-07-20 08:21:14] [INFO] [org.springframework.test.context.support.AnnotationConfigContextLoaderUtils] Could not detect default configuration classes for test class [by.itechart.web.controller.user.RegisterControllerTest]: RegisterControllerTest does not declare any static, non-private, non-final, nested classes annotated with @Configuration.
[2021-07-20 08:21:14] [INFO] [org.springframework.boot.test.context.SpringBootTestContextBootstrapper] Found @SpringBootConfiguration by.itechart.web.ApplicationWeb for test class by.itechart.web.controller.user.RegisterControllerTest
[2021-07-20 08:21:14] [INFO] [org.springframework.boot.test.context.SpringBootTestContextBootstrapper] Loaded default TestExecutionListener class names from location [META-INF/spring.factories]: [org.springframework.security.test.context.support.WithSecurityContextTestExecutionListener, org.springframework.security.test.context.support.ReactorContextTestExecutionListener, org.springframework.test.context.web.ServletTestExecutionListener, org.springframework.test.context.support.DirtiesContextBeforeModesTestExecutionListener, org.springframework.test.context.event.ApplicationEventsTestExecutionListener, org.springframework.test.context.support.DependencyInjectionTestExecutionListener, org.springframework.test.context.support.DirtiesContextTestExecutionListener, org.springframework.test.context.transaction.TransactionalTestExecutionListener, org.springframework.test.context.jdbc.SqlScriptsTestExecutionListener, org.springframework.test.context.event.EventPublishingTestExecutionListener, org.springframework.boot.test.mock.mockito.MockitoTestExecutionListener, org.springframework.boot.test.mock.mockito.ResetMocksTestExecutionListener, org.springframework.boot.test.autoconfigure.restdocs.RestDocsTestExecutionListener, org.springframework.boot.test.autoconfigure.web.client.MockRestServiceServerResetTestExecutionListener, org.springframework.boot.test.autoconfigure.web.servlet.MockMvcPrintOnlyOnFailureTestExecutionListener, org.springframework.boot.test.autoconfigure.web.servlet.WebDriverTestExecutionListener, org.springframework.boot.test.autoconfigure.webservices.client.MockWebServiceServerTestExecutionListener]
[2021-07-20 08:21:14] [INFO] [org.springframework.boot.test.context.SpringBootTestContextBootstrapper] Using TestExecutionListeners: [org.springframework.test.context.web.ServletTestExecutionListener@f9d7d3f, org.springframework.test.context.support.DirtiesContextBeforeModesTestExecutionListener@264f18fe, org.springframework.test.context.event.ApplicationEventsTestExecutionListener@5a66fc27, org.springframework.boot.test.mock.mockito.MockitoTestExecutionListener@cb29b75, org.springframework.boot.test.autoconfigure.SpringBootDependencyInjectionTestExecutionListener@68226b59, org.springframework.test.context.support.DirtiesContextTestExecutionListener@3674164b, org.springframework.test.context.transaction.TransactionalTestExecutionListener@5b1e5366, org.springframework.test.context.jdbc.SqlScriptsTestExecutionListener@43ef1243, org.springframework.security.test.context.support.WithSecurityContextTestExecutionListener@386cc1c4, org.springframework.test.context.event.EventPublishingTestExecutionListener@2e3c5ecc, org.springframework.security.test.context.support.ReactorContextTestExecutionListener@790bd0e, org.springframework.boot.test.mock.mockito.ResetMocksTestExecutionListener@3cd6cab5, org.springframework.boot.test.autoconfigure.restdocs.RestDocsTestExecutionListener@626a4e0a, org.springframework.boot.test.autoconfigure.web.client.MockRestServiceServerResetTestExecutionListener@2e6ca6b5, org.springframework.boot.test.autoconfigure.web.servlet.MockMvcPrintOnlyOnFailureTestExecutionListener@2c9616bb, org.springframework.boot.test.autoconfigure.web.servlet.WebDriverTestExecutionListener@269fe2fe, org.springframework.boot.test.autoconfigure.webservices.client.MockWebServiceServerTestExecutionListener@1635e239]
[2021-07-20 08:21:14] [INFO] [by.itechart.web.controller.user.RegisterControllerTest] Test /rigister from RegisterController
[2021-07-20 08:21:14] [INFO] [by.itechart.mapping.user.UserMapperWithUserRole] Mapping a register user dto to a user with USER role
[2021-07-20 08:21:14] [INFO] [by.itechart.model.util.ValidationUtil] Validate an optional not to be equals NULL
[2021-07-20 08:21:14] [INFO] [by.itechart.web.security.token.JwtFilter] Generate a JWT token
[2021-07-20 08:21:14] [INFO] [by.itechart.mapping.user.UserMapperWithUserRole] Mapping a register user dto to a user with USER role
[2021-07-20 08:21:14] [INFO] [by.itechart.model.util.ValidationUtil] Validate an optional not to be equals NULL
[2021-07-20 08:21:14] [INFO] [by.itechart.model.util.ValidationUtil] Validate input params
[2021-07-20 08:21:14] [INFO] [by.itechart.model.util.ValidationUtil] Validate input params
[2021-07-20 08:21:14] [INFO] [by.itechart.service.user.UserServiceImpl] Receive a user by the name = stored@gmail.com
[2021-07-20 08:21:14] [INFO] [by.itechart.model.util.ValidationUtil] Validate an optional not to be equals NULL
[2021-07-20 08:21:14] [ERROR] [by.itechart.model.util.ValidationUtil] The exception has occurred for the class = by.itechart.model.user.User
[2021-07-20 08:21:14] [INFO] [by.itechart.service.user.UserServiceImpl] Store a user with the name = stored@gmail.com
[2021-07-20 08:21:14] [INFO] [by.itechart.web.controller.user.RegisterControllerTest] Test /auth for USER role
[2021-07-20 08:21:14] [INFO] [by.itechart.web.security.token.JwtFilter] Generate a JWT token
[2021-07-20 08:21:14] [INFO] [by.itechart.model.util.ValidationUtil] Validate input params
[2021-07-20 08:21:14] [INFO] [by.itechart.service.user.UserServiceImpl] Receive a user by the name = alex@gmail.com
[2021-07-20 08:21:14] [INFO] [by.itechart.model.util.ValidationUtil] Validate an optional not to be equals NULL
[2021-07-20 08:21:14] [INFO] [by.itechart.model.util.ValidationUtil] Validate input params
[2021-07-20 08:21:14] [INFO] [by.itechart.service.user.UserServiceImpl] Receive a user by the name = alex@gmail.com
[2021-07-20 08:21:14] [INFO] [by.itechart.model.util.ValidationUtil] Validate an optional not to be equals NULL
[2021-07-20 08:21:14] [INFO] [by.itechart.web.security.token.TokenProvider] The token is valid until Tue Jul 20 08:41:14 MSK 2021
[2021-07-20 08:21:14] [INFO] [by.itechart.model.util.ValidationUtil] Validate input params
[2021-07-20 08:21:14] [INFO] [by.itechart.service.refreshToken.RefreshTokenServiceImpl] Create new refresh token for user with the name = alex@gmail.com
[2021-07-20 08:21:14] [INFO] [by.itechart.model.util.ValidationUtil] Validate an optional not to be equals NULL
[2021-07-20 08:21:14] [INFO] [by.itechart.web.controller.user.RegisterControllerTest] Test /refresh for USER role
[2021-07-20 08:21:14] [INFO] [by.itechart.web.security.token.JwtFilter] Generate a JWT token
[2021-07-20 08:21:14] [INFO] [by.itechart.model.util.ValidationUtil] Validate input params
[2021-07-20 08:21:14] [INFO] [by.itechart.service.refreshToken.RefreshTokenServiceImpl] Receive a refresh token by the token
[2021-07-20 08:21:14] [INFO] [by.itechart.model.util.ValidationUtil] Validate an optional not to be equals NULL
[2021-07-20 08:21:14] [INFO] [by.itechart.model.util.ValidationUtil] Validate input params
[2021-07-20 08:21:14] [INFO] [by.itechart.service.refreshToken.RefreshTokenServiceImpl] Verify a refresh token for expiration
[2021-07-20 08:21:14] [INFO] [org.springframework.boot.test.context.SpringBootTestContextBootstrapper] Neither @ContextConfiguration nor @ContextHierarchy found for test class [by.itechart.web.controller.user.SuperAdminControllerTest], using SpringBootContextLoader
[2021-07-20 08:21:14] [INFO] [org.springframework.test.context.support.AbstractContextLoader] Could not detect default resource locations for test class [by.itechart.web.controller.user.SuperAdminControllerTest]: no resource found for suffixes {-context.xml, Context.groovy}.
[2021-07-20 08:21:14] [INFO] [org.springframework.test.context.support.AnnotationConfigContextLoaderUtils] Could not detect default configuration classes for test class [by.itechart.web.controller.user.SuperAdminControllerTest]: SuperAdminControllerTest does not declare any static, non-private, non-final, nested classes annotated with @Configuration.
[2021-07-20 08:21:14] [INFO] [org.springframework.boot.test.context.SpringBootTestContextBootstrapper] Found @SpringBootConfiguration by.itechart.web.ApplicationWeb for test class by.itechart.web.controller.user.SuperAdminControllerTest
[2021-07-20 08:21:14] [INFO] [org.springframework.boot.test.context.SpringBootTestContextBootstrapper] Loaded default TestExecutionListener class names from location [META-INF/spring.factories]: [org.springframework.security.test.context.support.WithSecurityContextTestExecutionListener, org.springframework.security.test.context.support.ReactorContextTestExecutionListener, org.springframework.test.context.web.ServletTestExecutionListener, org.springframework.test.context.support.DirtiesContextBeforeModesTestExecutionListener, org.springframework.test.context.event.ApplicationEventsTestExecutionListener, org.springframework.test.context.support.DependencyInjectionTestExecutionListener, org.springframework.test.context.support.DirtiesContextTestExecutionListener, org.springframework.test.context.transaction.TransactionalTestExecutionListener, org.springframework.test.context.jdbc.SqlScriptsTestExecutionListener, org.springframework.test.context.event.EventPublishingTestExecutionListener, org.springframework.boot.test.mock.mockito.MockitoTestExecutionListener, org.springframework.boot.test.mock.mockito.ResetMocksTestExecutionListener, org.springframework.boot.test.autoconfigure.restdocs.RestDocsTestExecutionListener, org.springframework.boot.test.autoconfigure.web.client.MockRestServiceServerResetTestExecutionListener, org.springframework.boot.test.autoconfigure.web.servlet.MockMvcPrintOnlyOnFailureTestExecutionListener, org.springframework.boot.test.autoconfigure.web.servlet.WebDriverTestExecutionListener, org.springframework.boot.test.autoconfigure.webservices.client.MockWebServiceServerTestExecutionListener]
[2021-07-20 08:21:14] [INFO] [org.springframework.boot.test.context.SpringBootTestContextBootstrapper] Using TestExecutionListeners: [org.springframework.test.context.web.ServletTestExecutionListener@6e92f150, org.springframework.test.context.support.DirtiesContextBeforeModesTestExecutionListener@4268c16, org.springframework.test.context.event.ApplicationEventsTestExecutionListener@673ce246, org.springframework.boot.test.mock.mockito.MockitoTestExecutionListener@6baa673d, org.springframework.boot.test.autoconfigure.SpringBootDependencyInjectionTestExecutionListener@124b1369, org.springframework.test.context.support.DirtiesContextTestExecutionListener@22bd6b0a, org.springframework.test.context.transaction.TransactionalTestExecutionListener@221383c9, org.springframework.test.context.jdbc.SqlScriptsTestExecutionListener@1a389b39, org.springframework.security.test.context.support.WithSecurityContextTestExecutionListener@50a2034c, org.springframework.test.context.event.EventPublishingTestExecutionListener@190ec769, org.springframework.security.test.context.support.ReactorContextTestExecutionListener@27bd124a, org.springframework.boot.test.mock.mockito.ResetMocksTestExecutionListener@7902a4d7, org.springframework.boot.test.autoconfigure.restdocs.RestDocsTestExecutionListener@397a70d8, org.springframework.boot.test.autoconfigure.web.client.MockRestServiceServerResetTestExecutionListener@56a0dd11, org.springframework.boot.test.autoconfigure.web.servlet.MockMvcPrintOnlyOnFailureTestExecutionListener@1940bacd, org.springframework.boot.test.autoconfigure.web.servlet.WebDriverTestExecutionListener@7508912e, org.springframework.boot.test.autoconfigure.webservices.client.MockWebServiceServerTestExecutionListener@1f9ec3e7]
[2021-07-20 08:21:14] [INFO] [by.itechart.web.controller.user.SuperAdminControllerTest] Test saveUser() with SUPER_ADMIN role
[2021-07-20 08:21:14] [INFO] [by.itechart.web.security.token.JwtFilter] Generate a JWT token
[2021-07-20 08:21:14] [INFO] [by.itechart.mapping.user.UserMapperWithUserRole] Mapping a no pass user dto to the user with a role
[2021-07-20 08:21:14] [INFO] [by.itechart.model.util.ValidationUtil] Validate an optional not to be equals NULL
[2021-07-20 08:21:14] [INFO] [by.itechart.model.util.ValidationUtil] Validate input params
[2021-07-20 08:21:14] [INFO] [by.itechart.model.util.ValidationUtil] Validate input params
[2021-07-20 08:21:14] [INFO] [by.itechart.service.user.UserServiceImpl] Receive a user by the name = stored@gmail.com
[2021-07-20 08:21:14] [INFO] [by.itechart.model.util.ValidationUtil] Validate an optional not to be equals NULL
[2021-07-20 08:21:14] [ERROR] [by.itechart.model.util.ValidationUtil] The exception has occurred for the class = by.itechart.model.user.User
[2021-07-20 08:21:14] [INFO] [by.itechart.service.user.UserServiceImpl] Store a user with the name = stored@gmail.com
[2021-07-20 08:21:14] [INFO] [by.itechart.web.controller.user.SuperAdminControllerTest] Test getAllUsersByAuthority() with SUPER_ADMIN role
[2021-07-20 08:21:14] [INFO] [by.itechart.web.security.token.JwtFilter] Generate a JWT token
[2021-07-20 08:21:14] [INFO] [by.itechart.model.util.ValidationUtil] Validate input params
[2021-07-20 08:21:14] [INFO] [by.itechart.service.user.UserServiceImpl] Receive a list of all users by the authority name = USER
[2021-07-20 08:21:14] [INFO] [by.itechart.web.controller.user.SuperAdminControllerTest] Test deleteUserByUsername() with SUPER_ADMIN role
[2021-07-20 08:21:14] [INFO] [by.itechart.web.security.token.JwtFilter] Generate a JWT token
[2021-07-20 08:21:14] [INFO] [by.itechart.model.util.ValidationUtil] Validate input params
[2021-07-20 08:21:14] [INFO] [by.itechart.service.user.UserServiceImpl] Remove a user by the name = alex@gmail.com
[2021-07-20 08:21:14] [INFO] [by.itechart.web.controller.user.SuperAdminControllerTest] Test getAllUsers() with SUPER_ADMIN role
[2021-07-20 08:21:14] [INFO] [by.itechart.web.security.token.JwtFilter] Generate a JWT token
[2021-07-20 08:21:14] [INFO] [by.itechart.service.user.UserServiceImpl] Receive a list of all users
[2021-07-20 08:21:14] [INFO] [by.itechart.web.controller.user.SuperAdminControllerTest] Test getUserById() with SUPER_ADMIN role
[2021-07-20 08:21:14] [INFO] [by.itechart.web.security.token.JwtFilter] Generate a JWT token
[2021-07-20 08:21:14] [INFO] [by.itechart.model.util.ValidationUtil] Validate input params
[2021-07-20 08:21:14] [INFO] [by.itechart.service.user.UserServiceImpl] Receive a user by the ID = 100003
[2021-07-20 08:21:14] [INFO] [by.itechart.model.util.ValidationUtil] Validate an optional not to be equals NULL
[2021-07-20 08:21:14] [INFO] [by.itechart.web.controller.user.SuperAdminControllerTest] Test updateUser() with SUPER_ADMIN role
[2021-07-20 08:21:14] [INFO] [by.itechart.web.security.token.JwtFilter] Generate a JWT token
[2021-07-20 08:21:14] [INFO] [by.itechart.mapping.user.UserMapperWithUserRole] Mapping a no pass user dto to the user with a role
[2021-07-20 08:21:14] [INFO] [by.itechart.model.util.ValidationUtil] Validate an optional not to be equals NULL
[2021-07-20 08:21:14] [INFO] [by.itechart.model.util.ValidationUtil] Validate an optional not to be equals NULL
[2021-07-20 08:21:14] [INFO] [by.itechart.model.util.ValidationUtil] Validate input params
[2021-07-20 08:21:14] [INFO] [by.itechart.service.user.UserServiceImpl] Update a user with the ID = 100003
[2021-07-20 08:21:14] [INFO] [by.itechart.model.util.ValidationUtil] Validate input params
[2021-07-20 08:21:14] [INFO] [by.itechart.service.user.UserServiceImpl] Receive a user by the ID = 100003
[2021-07-20 08:21:14] [INFO] [by.itechart.model.util.ValidationUtil] Validate an optional not to be equals NULL
[2021-07-20 08:21:14] [INFO] [by.itechart.web.controller.user.SuperAdminControllerTest] Test deleteUserById() with SUPER_ADMIN role
[2021-07-20 08:21:14] [INFO] [by.itechart.web.security.token.JwtFilter] Generate a JWT token
[2021-07-20 08:21:14] [INFO] [by.itechart.model.util.ValidationUtil] Validate input params
[2021-07-20 08:21:14] [INFO] [by.itechart.service.user.UserServiceImpl] Remove a user by the ID = 100003
[2021-07-20 08:21:14] [INFO] [org.springframework.boot.test.context.SpringBootTestContextBootstrapper] Neither @ContextConfiguration nor @ContextHierarchy found for test class [by.itechart.web.controller.user.UserControllerTest], using SpringBootContextLoader
[2021-07-20 08:21:14] [INFO] [org.springframework.test.context.support.AbstractContextLoader] Could not detect default resource locations for test class [by.itechart.web.controller.user.UserControllerTest]: no resource found for suffixes {-context.xml, Context.groovy}.
[2021-07-20 08:21:14] [INFO] [org.springframework.test.context.support.AnnotationConfigContextLoaderUtils] Could not detect default configuration classes for test class [by.itechart.web.controller.user.UserControllerTest]: UserControllerTest does not declare any static, non-private, non-final, nested classes annotated with @Configuration.
[2021-07-20 08:21:14] [INFO] [org.springframework.boot.test.context.SpringBootTestContextBootstrapper] Found @SpringBootConfiguration by.itechart.web.ApplicationWeb for test class by.itechart.web.controller.user.UserControllerTest
[2021-07-20 08:21:14] [INFO] [org.springframework.boot.test.context.SpringBootTestContextBootstrapper] Loaded default TestExecutionListener class names from location [META-INF/spring.factories]: [org.springframework.security.test.context.support.WithSecurityContextTestExecutionListener, org.springframework.security.test.context.support.ReactorContextTestExecutionListener, org.springframework.test.context.web.ServletTestExecutionListener, org.springframework.test.context.support.DirtiesContextBeforeModesTestExecutionListener, org.springframework.test.context.event.ApplicationEventsTestExecutionListener, org.springframework.test.context.support.DependencyInjectionTestExecutionListener, org.springframework.test.context.support.DirtiesContextTestExecutionListener, org.springframework.test.context.transaction.TransactionalTestExecutionListener, org.springframework.test.context.jdbc.SqlScriptsTestExecutionListener, org.springframework.test.context.event.EventPublishingTestExecutionListener, org.springframework.boot.test.mock.mockito.MockitoTestExecutionListener, org.springframework.boot.test.mock.mockito.ResetMocksTestExecutionListener, org.springframework.boot.test.autoconfigure.restdocs.RestDocsTestExecutionListener, org.springframework.boot.test.autoconfigure.web.client.MockRestServiceServerResetTestExecutionListener, org.springframework.boot.test.autoconfigure.web.servlet.MockMvcPrintOnlyOnFailureTestExecutionListener, org.springframework.boot.test.autoconfigure.web.servlet.WebDriverTestExecutionListener, org.springframework.boot.test.autoconfigure.webservices.client.MockWebServiceServerTestExecutionListener]
[2021-07-20 08:21:14] [INFO] [org.springframework.boot.test.context.SpringBootTestContextBootstrapper] Using TestExecutionListeners: [org.springframework.test.context.web.ServletTestExecutionListener@59acb725, org.springframework.test.context.support.DirtiesContextBeforeModesTestExecutionListener@2291fb1, org.springframework.test.context.event.ApplicationEventsTestExecutionListener@213f2d00, org.springframework.boot.test.mock.mockito.MockitoTestExecutionListener@2aaf7354, org.springframework.boot.test.autoconfigure.SpringBootDependencyInjectionTestExecutionListener@1606ecbb, org.springframework.test.context.support.DirtiesContextTestExecutionListener@5c18ad5d, org.springframework.test.context.transaction.TransactionalTestExecutionListener@497ccf3, org.springframework.test.context.jdbc.SqlScriptsTestExecutionListener@55732ae6, org.springframework.security.test.context.support.WithSecurityContextTestExecutionListener@743167c7, org.springframework.test.context.event.EventPublishingTestExecutionListener@6d5a4e59, org.springframework.security.test.context.support.ReactorContextTestExecutionListener@5710f755, org.springframework.boot.test.mock.mockito.ResetMocksTestExecutionListener@1b78c34b, org.springframework.boot.test.autoconfigure.restdocs.RestDocsTestExecutionListener@640890bc, org.springframework.boot.test.autoconfigure.web.client.MockRestServiceServerResetTestExecutionListener@5b1f32e2, org.springframework.boot.test.autoconfigure.web.servlet.MockMvcPrintOnlyOnFailureTestExecutionListener@b65cc8b, org.springframework.boot.test.autoconfigure.web.servlet.WebDriverTestExecutionListener@56da2437, org.springframework.boot.test.autoconfigure.webservices.client.MockWebServiceServerTestExecutionListener@7677d320]
[2021-07-20 08:21:14] [INFO] [by.itechart.web.controller.user.UserControllerTest] Test /details update with USER role
[2021-07-20 08:21:14] [INFO] [by.itechart.web.security.token.JwtFilter] Generate a JWT token
[2021-07-20 08:21:14] [INFO] [by.itechart.mapping.user.UserMapperWithUserRole] Mapping a user pass dto to the user with USER role
[2021-07-20 08:21:14] [INFO] [by.itechart.model.util.ValidationUtil] Validate an optional not to be equals NULL
[2021-07-20 08:21:14] [INFO] [by.itechart.model.util.ValidationUtil] Validate an optional not to be equals NULL
[2021-07-20 08:21:14] [INFO] [by.itechart.model.util.ValidationUtil] Validate an optional not to be equals NULL
[2021-07-20 08:21:14] [INFO] [by.itechart.model.util.ValidationUtil] Validate input params
[2021-07-20 08:21:14] [INFO] [by.itechart.service.user.UserServiceImpl] Update a user with the name = alex@gmail.com
[2021-07-20 08:21:14] [INFO] [by.itechart.model.util.ValidationUtil] Validate input params
[2021-07-20 08:21:14] [INFO] [by.itechart.service.user.UserServiceImpl] Receive a user by the name = alex@gmail.com
[2021-07-20 08:21:14] [INFO] [by.itechart.model.util.ValidationUtil] Validate an optional not to be equals NULL
[2021-07-20 08:21:14] [INFO] [by.itechart.web.controller.user.UserControllerTest] Test /details with USER role
[2021-07-20 08:21:14] [INFO] [by.itechart.web.security.token.JwtFilter] Generate a JWT token
[2021-07-20 08:21:14] [INFO] [by.itechart.model.util.ValidationUtil] Validate input params
[2021-07-20 08:21:14] [INFO] [by.itechart.service.user.UserServiceImpl] Receive a user by the name = alex@gmail.com
[2021-07-20 08:21:14] [INFO] [by.itechart.model.util.ValidationUtil] Validate an optional not to be equals NULL
[2021-07-20 08:21:14] [INFO] [by.itechart.web.controller.user.UserControllerTest] Test /details DELETE with USER role
[2021-07-20 08:21:14] [INFO] [by.itechart.web.security.token.JwtFilter] Generate a JWT token
[2021-07-20 08:21:14] [INFO] [by.itechart.model.util.ValidationUtil] Validate input params
[2021-07-20 08:21:14] [INFO] [by.itechart.service.user.UserServiceImpl] Remove a user by the name = alex@gmail.com
[2021-07-20 08:21:14] [INFO] [org.springframework.boot.test.context.SpringBootTestContextBootstrapper] Neither @ContextConfiguration nor @ContextHierarchy found for test class [by.itechart.web.integration.AuthorityServiceIntegrationTest], using SpringBootContextLoader
[2021-07-20 08:21:14] [INFO] [org.springframework.test.context.support.AbstractContextLoader] Could not detect default resource locations for test class [by.itechart.web.integration.AuthorityServiceIntegrationTest]: no resource found for suffixes {-context.xml, Context.groovy}.
[2021-07-20 08:21:14] [INFO] [org.springframework.test.context.support.AnnotationConfigContextLoaderUtils] Could not detect default configuration classes for test class [by.itechart.web.integration.AuthorityServiceIntegrationTest]: AuthorityServiceIntegrationTest does not declare any static, non-private, non-final, nested classes annotated with @Configuration.
[2021-07-20 08:21:14] [INFO] [org.springframework.boot.test.context.SpringBootTestContextBootstrapper] Found @SpringBootConfiguration by.itechart.web.ApplicationWeb for test class by.itechart.web.integration.AuthorityServiceIntegrationTest
[2021-07-20 08:21:14] [INFO] [org.springframework.boot.test.context.SpringBootTestContextBootstrapper] Loaded default TestExecutionListener class names from location [META-INF/spring.factories]: [org.springframework.security.test.context.support.WithSecurityContextTestExecutionListener, org.springframework.security.test.context.support.ReactorContextTestExecutionListener, org.springframework.test.context.web.ServletTestExecutionListener, org.springframework.test.context.support.DirtiesContextBeforeModesTestExecutionListener, org.springframework.test.context.event.ApplicationEventsTestExecutionListener, org.springframework.test.context.support.DependencyInjectionTestExecutionListener, org.springframework.test.context.support.DirtiesContextTestExecutionListener, org.springframework.test.context.transaction.TransactionalTestExecutionListener, org.springframework.test.context.jdbc.SqlScriptsTestExecutionListener, org.springframework.test.context.event.EventPublishingTestExecutionListener, org.springframework.boot.test.mock.mockito.MockitoTestExecutionListener, org.springframework.boot.test.mock.mockito.ResetMocksTestExecutionListener, org.springframework.boot.test.autoconfigure.restdocs.RestDocsTestExecutionListener, org.springframework.boot.test.autoconfigure.web.client.MockRestServiceServerResetTestExecutionListener, org.springframework.boot.test.autoconfigure.web.servlet.MockMvcPrintOnlyOnFailureTestExecutionListener, org.springframework.boot.test.autoconfigure.web.servlet.WebDriverTestExecutionListener, org.springframework.boot.test.autoconfigure.webservices.client.MockWebServiceServerTestExecutionListener]
[2021-07-20 08:21:14] [INFO] [org.springframework.boot.test.context.SpringBootTestContextBootstrapper] Using TestExecutionListeners: [org.springframework.test.context.web.ServletTestExecutionListener@738a977d, org.springframework.test.context.support.DirtiesContextBeforeModesTestExecutionListener@5963a2c9, org.springframework.test.context.event.ApplicationEventsTestExecutionListener@79143853, org.springframework.boot.test.mock.mockito.MockitoTestExecutionListener@541ea657, org.springframework.boot.test.autoconfigure.SpringBootDependencyInjectionTestExecutionListener@7308e2d6, org.springframework.test.context.support.DirtiesContextTestExecutionListener@37b97394, org.springframework.test.context.transaction.TransactionalTestExecutionListener@6f371390, org.springframework.test.context.jdbc.SqlScriptsTestExecutionListener@4eba3c3f, org.springframework.security.test.context.support.WithSecurityContextTestExecutionListener@7a90796c, org.springframework.test.context.event.EventPublishingTestExecutionListener@6c98079, org.springframework.security.test.context.support.ReactorContextTestExecutionListener@5135b8a3, org.springframework.boot.test.mock.mockito.ResetMocksTestExecutionListener@4ef12d7e, org.springframework.boot.test.autoconfigure.restdocs.RestDocsTestExecutionListener@375376d5, org.springframework.boot.test.autoconfigure.web.client.MockRestServiceServerResetTestExecutionListener@7dd3f20e, org.springframework.boot.test.autoconfigure.web.servlet.MockMvcPrintOnlyOnFailureTestExecutionListener@1dfadb7, org.springframework.boot.test.autoconfigure.web.servlet.WebDriverTestExecutionListener@4602fa2f, org.springframework.boot.test.autoconfigure.webservices.client.MockWebServiceServerTestExecutionListener@6a4bd9e4]
[2021-07-20 08:21:14] [INFO] [by.itechart.web.integration.AuthorityServiceIntegrationTest] Starting AuthorityServiceIntegrationTest using Java 16.0.1 on WIN-DQOGFATQ970 with PID 4660 (started by user in C:\Users\user\IdeaProjects\clone\Attendings_journal\journal-common\web)
[2021-07-20 08:21:14] [INFO] [by.itechart.web.integration.AuthorityServiceIntegrationTest] The following profiles are active: test
[2021-07-20 08:21:15] [INFO] [org.springframework.data.repository.config.RepositoryConfigurationDelegate] Bootstrapping Spring Data JPA repositories in DEFAULT mode.
[2021-07-20 08:21:15] [INFO] [org.springframework.data.repository.config.RepositoryConfigurationDelegate] Finished Spring Data repository scanning in 13 ms. Found 6 JPA repository interfaces.
[2021-07-20 08:21:15] [INFO] [org.hibernate.jpa.internal.util.LogHelper] HHH000204: Processing PersistenceUnitInfo [name: default]
[2021-07-20 08:21:15] [INFO] [com.zaxxer.hikari.HikariDataSource] HikariPool-2 - Starting...
[2021-07-20 08:21:15] [INFO] [com.zaxxer.hikari.HikariDataSource] HikariPool-2 - Start completed.
[2021-07-20 08:21:15] [INFO] [org.hibernate.dialect.Dialect] HHH000400: Using dialect: org.hibernate.dialect.H2Dialect
[2021-07-20 08:21:15] [INFO] [org.hibernate.engine.transaction.jta.platform.internal.JtaPlatformInitiator] HHH000490: Using JtaPlatform implementation: [org.hibernate.engine.transaction.jta.platform.internal.NoJtaPlatform]
[2021-07-20 08:21:15] [INFO] [org.springframework.orm.jpa.LocalContainerEntityManagerFactoryBean] Initialized JPA EntityManagerFactory for persistence unit 'default'
[2021-07-20 08:21:15] [WARN] [org.springframework.boot.autoconfigure.orm.jpa.JpaBaseConfiguration$JpaWebConfiguration] spring.jpa.open-in-view is enabled by default. Therefore, database queries may be performed during view rendering. Explicitly configure spring.jpa.open-in-view to disable this warning
[2021-07-20 08:21:15] [INFO] [by.itechart.web.integration.AuthorityServiceIntegrationTest] Started AuthorityServiceIntegrationTest in 0.964 seconds (JVM running for 11.052)
[2021-07-20 08:21:15] [INFO] [by.itechart.web.integration.AuthorityServiceIntegrationTest] Test saveAuthority() method
[2021-07-20 08:21:15] [INFO] [by.itechart.model.util.ValidationUtil] Validate input params
[2021-07-20 08:21:15] [INFO] [by.itechart.service.authority.AuthorityServiceImpl] Store an authority with a name = TESTER
[2021-07-20 08:21:15] [INFO] [by.itechart.web.integration.AuthorityServiceIntegrationTest] Test updateAuthority() method
[2021-07-20 08:21:15] [INFO] [by.itechart.model.util.ValidationUtil] Validate input params
[2021-07-20 08:21:15] [INFO] [by.itechart.service.authority.AuthorityServiceImpl] Update an authority with the ID = 100000
[2021-07-20 08:21:15] [INFO] [by.itechart.model.util.ValidationUtil] Validate input params
[2021-07-20 08:21:15] [INFO] [by.itechart.service.authority.AuthorityServiceImpl] Receive an authority by ID = 100000
[2021-07-20 08:21:15] [INFO] [by.itechart.model.util.ValidationUtil] Validate an optional not to be equals NULL
[2021-07-20 08:21:15] [INFO] [by.itechart.web.integration.AuthorityServiceIntegrationTest] Test getAuthorityByName() method
[2021-07-20 08:21:15] [INFO] [by.itechart.model.util.ValidationUtil] Validate input params
[2021-07-20 08:21:15] [INFO] [by.itechart.service.authority.AuthorityServiceImpl] Receive an authority by the name = USER
[2021-07-20 08:21:15] [INFO] [by.itechart.model.util.ValidationUtil] Validate an optional not to be equals NULL
[2021-07-20 08:21:15] [INFO] [by.itechart.web.integration.AuthorityServiceIntegrationTest] Test deleteAuthorityById() method
[2021-07-20 08:21:15] [INFO] [by.itechart.model.util.ValidationUtil] Validate input params
[2021-07-20 08:21:15] [INFO] [by.itechart.service.authority.AuthorityServiceImpl] Remove an authority by the ID = 100000
[2021-07-20 08:21:15] [INFO] [by.itechart.model.util.ValidationUtil] Validate input params
[2021-07-20 08:21:15] [INFO] [by.itechart.service.authority.AuthorityServiceImpl] Receive an authority by ID = 100000
[2021-07-20 08:21:15] [INFO] [by.itechart.model.util.ValidationUtil] Validate an optional not to be equals NULL
[2021-07-20 08:21:15] [ERROR] [by.itechart.model.util.ValidationUtil] The exception has occurred for the class = by.itechart.model.user.UserAuthority
[2021-07-20 08:21:15] [INFO] [by.itechart.web.integration.AuthorityServiceIntegrationTest] Test deleteAuthorityByName() method
[2021-07-20 08:21:15] [INFO] [by.itechart.model.util.ValidationUtil] Validate input params
[2021-07-20 08:21:15] [INFO] [by.itechart.service.authority.AuthorityServiceImpl] Remove an authority by the name = USER
[2021-07-20 08:21:15] [INFO] [by.itechart.model.util.ValidationUtil] Validate input params
[2021-07-20 08:21:15] [INFO] [by.itechart.service.authority.AuthorityServiceImpl] Receive an authority by the name = USER
[2021-07-20 08:21:15] [INFO] [by.itechart.model.util.ValidationUtil] Validate an optional not to be equals NULL
[2021-07-20 08:21:15] [ERROR] [by.itechart.model.util.ValidationUtil] The exception has occurred for the class = by.itechart.model.user.UserAuthority
[2021-07-20 08:21:15] [INFO] [by.itechart.web.integration.AuthorityServiceIntegrationTest] Test getAuthorityById() method
[2021-07-20 08:21:15] [INFO] [by.itechart.model.util.ValidationUtil] Validate input params
[2021-07-20 08:21:15] [INFO] [by.itechart.service.authority.AuthorityServiceImpl] Receive an authority by ID = 100000
[2021-07-20 08:21:15] [INFO] [by.itechart.model.util.ValidationUtil] Validate an optional not to be equals NULL
[2021-07-20 08:21:15] [INFO] [by.itechart.web.integration.AuthorityServiceIntegrationTest] Test getAllAuthorities() method
[2021-07-20 08:21:15] [INFO] [by.itechart.service.authority.AuthorityServiceImpl] Receive a list of all authorities
[2021-07-20 08:21:15] [INFO] [org.springframework.boot.test.context.SpringBootTestContextBootstrapper] Neither @ContextConfiguration nor @ContextHierarchy found for test class [by.itechart.web.integration.SchoolClassIntegrationTest], using SpringBootContextLoader
[2021-07-20 08:21:15] [INFO] [org.springframework.test.context.support.AbstractContextLoader] Could not detect default resource locations for test class [by.itechart.web.integration.SchoolClassIntegrationTest]: no resource found for suffixes {-context.xml, Context.groovy}.
[2021-07-20 08:21:15] [INFO] [org.springframework.test.context.support.AnnotationConfigContextLoaderUtils] Could not detect default configuration classes for test class [by.itechart.web.integration.SchoolClassIntegrationTest]: SchoolClassIntegrationTest does not declare any static, non-private, non-final, nested classes annotated with @Configuration.
[2021-07-20 08:21:15] [INFO] [org.springframework.boot.test.context.SpringBootTestContextBootstrapper] Found @SpringBootConfiguration by.itechart.web.ApplicationWeb for test class by.itechart.web.integration.SchoolClassIntegrationTest
[2021-07-20 08:21:15] [INFO] [org.springframework.boot.test.context.SpringBootTestContextBootstrapper] Loaded default TestExecutionListener class names from location [META-INF/spring.factories]: [org.springframework.security.test.context.support.WithSecurityContextTestExecutionListener, org.springframework.security.test.context.support.ReactorContextTestExecutionListener, org.springframework.test.context.web.ServletTestExecutionListener, org.springframework.test.context.support.DirtiesContextBeforeModesTestExecutionListener, org.springframework.test.context.event.ApplicationEventsTestExecutionListener, org.springframework.test.context.support.DependencyInjectionTestExecutionListener, org.springframework.test.context.support.DirtiesContextTestExecutionListener, org.springframework.test.context.transaction.TransactionalTestExecutionListener, org.springframework.test.context.jdbc.SqlScriptsTestExecutionListener, org.springframework.test.context.event.EventPublishingTestExecutionListener, org.springframework.boot.test.mock.mockito.MockitoTestExecutionListener, org.springframework.boot.test.mock.mockito.ResetMocksTestExecutionListener, org.springframework.boot.test.autoconfigure.restdocs.RestDocsTestExecutionListener, org.springframework.boot.test.autoconfigure.web.client.MockRestServiceServerResetTestExecutionListener, org.springframework.boot.test.autoconfigure.web.servlet.MockMvcPrintOnlyOnFailureTestExecutionListener, org.springframework.boot.test.autoconfigure.web.servlet.WebDriverTestExecutionListener, org.springframework.boot.test.autoconfigure.webservices.client.MockWebServiceServerTestExecutionListener]
[2021-07-20 08:21:15] [INFO] [org.springframework.boot.test.context.SpringBootTestContextBootstrapper] Using TestExecutionListeners: [org.springframework.test.context.web.ServletTestExecutionListener@6f3b4c9a, org.springframework.test.context.support.DirtiesContextBeforeModesTestExecutionListener@bfe49f9, org.springframework.test.context.event.ApplicationEventsTestExecutionListener@424632a, org.springframework.boot.test.mock.mockito.MockitoTestExecutionListener@4947b8a7, org.springframework.boot.test.autoconfigure.SpringBootDependencyInjectionTestExecutionListener@7cad6289, org.springframework.test.context.support.DirtiesContextTestExecutionListener@5655d64, org.springframework.test.context.transaction.TransactionalTestExecutionListener@22ff53d1, org.springframework.test.context.jdbc.SqlScriptsTestExecutionListener@568945a9, org.springframework.security.test.context.support.WithSecurityContextTestExecutionListener@4127dcdb, org.springframework.test.context.event.EventPublishingTestExecutionListener@6e8627e6, org.springframework.security.test.context.support.ReactorContextTestExecutionListener@36bf903c, org.springframework.boot.test.mock.mockito.ResetMocksTestExecutionListener@2a073f4f, org.springframework.boot.test.autoconfigure.restdocs.RestDocsTestExecutionListener@55b9ffd0, org.springframework.boot.test.autoconfigure.web.client.MockRestServiceServerResetTestExecutionListener@a5f5b96, org.springframework.boot.test.autoconfigure.web.servlet.MockMvcPrintOnlyOnFailureTestExecutionListener@40ab1491, org.springframework.boot.test.autoconfigure.web.servlet.WebDriverTestExecutionListener@5345b68c, org.springframework.boot.test.autoconfigure.webservices.client.MockWebServiceServerTestExecutionListener@4998944b]
[2021-07-20 08:21:15] [INFO] [by.itechart.web.integration.SchoolClassIntegrationTest] Test deleteSchoolClassById() method
[2021-07-20 08:21:15] [INFO] [by.itechart.model.util.ValidationUtil] Validate input params
[2021-07-20 08:21:15] [INFO] [by.itechart.service.schoolClass.SchoolClassServiceImpl] Save a new school class with a name = 12B
[2021-07-20 08:21:15] [INFO] [by.itechart.model.util.ValidationUtil] Validate input params
[2021-07-20 08:21:15] [INFO] [by.itechart.service.schoolClass.SchoolClassServiceImpl] Remove a school class with ID = 9
[2021-07-20 08:21:15] [INFO] [by.itechart.model.util.ValidationUtil] Validate input params
[2021-07-20 08:21:15] [INFO] [by.itechart.service.schoolClass.SchoolClassServiceImpl] Receive a school class by Id = 9
[2021-07-20 08:21:15] [INFO] [by.itechart.model.util.ValidationUtil] Validate an optional not to be equals NULL
[2021-07-20 08:21:15] [ERROR] [by.itechart.model.util.ValidationUtil] The exception has occurred for the class = by.itechart.model.SchoolClass
[2021-07-20 08:21:16] [INFO] [by.itechart.web.integration.SchoolClassIntegrationTest] Test saveSchoolClass() method
[2021-07-20 08:21:16] [INFO] [by.itechart.model.util.ValidationUtil] Validate input params
[2021-07-20 08:21:16] [INFO] [by.itechart.service.schoolClass.SchoolClassServiceImpl] Save a new school class with a name = 12B
[2021-07-20 08:21:16] [INFO] [by.itechart.web.integration.SchoolClassIntegrationTest] Test deleteSchoolClassById() method
[2021-07-20 08:21:16] [INFO] [by.itechart.model.util.ValidationUtil] Validate input params
[2021-07-20 08:21:16] [INFO] [by.itechart.service.schoolClass.SchoolClassServiceImpl] Save a new school class with a name = 12B
[2021-07-20 08:21:16] [INFO] [by.itechart.model.util.ValidationUtil] Validate input params
[2021-07-20 08:21:16] [INFO] [by.itechart.service.schoolClass.SchoolClassServiceImpl] Remove a school class with the name = 12B
[2021-07-20 08:21:16] [INFO] [by.itechart.model.util.ValidationUtil] Validate input params
[2021-07-20 08:21:16] [INFO] [by.itechart.service.schoolClass.SchoolClassServiceImpl] Receive a school class with the name = 12B
[2021-07-20 08:21:16] [INFO] [by.itechart.model.util.ValidationUtil] Validate an optional not to be equals NULL
[2021-07-20 08:21:16] [ERROR] [by.itechart.model.util.ValidationUtil] The exception has occurred for the class = by.itechart.model.SchoolClass
[2021-07-20 08:21:16] [INFO] [by.itechart.web.integration.SchoolClassIntegrationTest] Test getSchoolClassByName() method
[2021-07-20 08:21:16] [INFO] [by.itechart.model.util.ValidationUtil] Validate input params
[2021-07-20 08:21:16] [INFO] [by.itechart.service.schoolClass.SchoolClassServiceImpl] Receive a school class with the name = 1A
[2021-07-20 08:21:16] [INFO] [by.itechart.model.util.ValidationUtil] Validate an optional not to be equals NULL
[2021-07-20 08:21:16] [INFO] [by.itechart.web.integration.SchoolClassIntegrationTest] Test getSchoolClassById() method
[2021-07-20 08:21:16] [INFO] [by.itechart.model.util.ValidationUtil] Validate input params
[2021-07-20 08:21:16] [INFO] [by.itechart.service.schoolClass.SchoolClassServiceImpl] Receive a school class by Id = 12
[2021-07-20 08:21:16] [INFO] [by.itechart.model.util.ValidationUtil] Validate an optional not to be equals NULL
[2021-07-20 08:21:16] [INFO] [by.itechart.web.integration.SchoolClassIntegrationTest] Test getAllSchoolClasses() method
[2021-07-20 08:21:16] [INFO] [by.itechart.model.util.ValidationUtil] Validate input params
[2021-07-20 08:21:16] [INFO] [by.itechart.service.schoolClass.SchoolClassServiceImpl] Receive a list of all school classes
[2021-07-20 08:21:16] [INFO] [by.itechart.web.integration.SchoolClassIntegrationTest] Test updateSchoolClass() method
[2021-07-20 08:21:16] [INFO] [by.itechart.model.util.ValidationUtil] Validate input params
[2021-07-20 08:21:16] [INFO] [by.itechart.service.schoolClass.SchoolClassServiceImpl] Update a school class with ID = 12
[2021-07-20 08:21:16] [INFO] [by.itechart.model.util.ValidationUtil] Validate input params
[2021-07-20 08:21:16] [INFO] [by.itechart.service.schoolClass.SchoolClassServiceImpl] Receive a school class by Id = 12
[2021-07-20 08:21:16] [INFO] [by.itechart.model.util.ValidationUtil] Validate an optional not to be equals NULL
[2021-07-20 08:21:16] [INFO] [org.springframework.boot.test.context.SpringBootTestContextBootstrapper] Neither @ContextConfiguration nor @ContextHierarchy found for test class [by.itechart.web.integration.StudentServiceIntegrationTest], using SpringBootContextLoader
[2021-07-20 08:21:16] [INFO] [org.springframework.test.context.support.AbstractContextLoader] Could not detect default resource locations for test class [by.itechart.web.integration.StudentServiceIntegrationTest]: no resource found for suffixes {-context.xml, Context.groovy}.
[2021-07-20 08:21:16] [INFO] [org.springframework.test.context.support.AnnotationConfigContextLoaderUtils] Could not detect default configuration classes for test class [by.itechart.web.integration.StudentServiceIntegrationTest]: StudentServiceIntegrationTest does not declare any static, non-private, non-final, nested classes annotated with @Configuration.
[2021-07-20 08:21:16] [INFO] [org.springframework.boot.test.context.SpringBootTestContextBootstrapper] Found @SpringBootConfiguration by.itechart.web.ApplicationWeb for test class by.itechart.web.integration.StudentServiceIntegrationTest
[2021-07-20 08:21:16] [INFO] [org.springframework.boot.test.context.SpringBootTestContextBootstrapper] Loaded default TestExecutionListener class names from location [META-INF/spring.factories]: [org.springframework.security.test.context.support.WithSecurityContextTestExecutionListener, org.springframework.security.test.context.support.ReactorContextTestExecutionListener, org.springframework.test.context.web.ServletTestExecutionListener, org.springframework.test.context.support.DirtiesContextBeforeModesTestExecutionListener, org.springframework.test.context.event.ApplicationEventsTestExecutionListener, org.springframework.test.context.support.DependencyInjectionTestExecutionListener, org.springframework.test.context.support.DirtiesContextTestExecutionListener, org.springframework.test.context.transaction.TransactionalTestExecutionListener, org.springframework.test.context.jdbc.SqlScriptsTestExecutionListener, org.springframework.test.context.event.EventPublishingTestExecutionListener, org.springframework.boot.test.mock.mockito.MockitoTestExecutionListener, org.springframework.boot.test.mock.mockito.ResetMocksTestExecutionListener, org.springframework.boot.test.autoconfigure.restdocs.RestDocsTestExecutionListener, org.springframework.boot.test.autoconfigure.web.client.MockRestServiceServerResetTestExecutionListener, org.springframework.boot.test.autoconfigure.web.servlet.MockMvcPrintOnlyOnFailureTestExecutionListener, org.springframework.boot.test.autoconfigure.web.servlet.WebDriverTestExecutionListener, org.springframework.boot.test.autoconfigure.webservices.client.MockWebServiceServerTestExecutionListener]
[2021-07-20 08:21:16] [INFO] [org.springframework.boot.test.context.SpringBootTestContextBootstrapper] Using TestExecutionListeners: [org.springframework.test.context.web.ServletTestExecutionListener@867e628, org.springframework.test.context.support.DirtiesContextBeforeModesTestExecutionListener@7739bcca, org.springframework.test.context.event.ApplicationEventsTestExecutionListener@4678e08e, org.springframework.boot.test.mock.mockito.MockitoTestExecutionListener@21dfec, org.springframework.boot.test.autoconfigure.SpringBootDependencyInjectionTestExecutionListener@37403f66, org.springframework.test.context.support.DirtiesContextTestExecutionListener@da51aa8, org.springframework.test.context.transaction.TransactionalTestExecutionListener@cd8e702, org.springframework.test.context.jdbc.SqlScriptsTestExecutionListener@28897ca, org.springframework.security.test.context.support.WithSecurityContextTestExecutionListener@348523f2, org.springframework.test.context.event.EventPublishingTestExecutionListener@11501f90, org.springframework.security.test.context.support.ReactorContextTestExecutionListener@5afb0a4f, org.springframework.boot.test.mock.mockito.ResetMocksTestExecutionListener@1c8bf01d, org.springframework.boot.test.autoconfigure.restdocs.RestDocsTestExecutionListener@18cdacd, org.springframework.boot.test.autoconfigure.web.client.MockRestServiceServerResetTestExecutionListener@10b1f9f3, org.springframework.boot.test.autoconfigure.web.servlet.MockMvcPrintOnlyOnFailureTestExecutionListener@129a20d8, org.springframework.boot.test.autoconfigure.web.servlet.WebDriverTestExecutionListener@51d2218e, org.springframework.boot.test.autoconfigure.webservices.client.MockWebServiceServerTestExecutionListener@366fd3cb]
[2021-07-20 08:21:16] [INFO] [by.itechart.web.integration.StudentServiceIntegrationTest] Test deleteStudent() method
[2021-07-20 08:21:16] [INFO] [by.itechart.model.util.ValidationUtil] Validate input params
[2021-07-20 08:21:16] [INFO] [by.itechart.service.student.StudentServiceImpl] Remove a student with ID = 6
[2021-07-20 08:21:16] [INFO] [by.itechart.model.util.ValidationUtil] Validate input params
[2021-07-20 08:21:16] [INFO] [by.itechart.service.student.StudentServiceImpl] Receive a student by ID = 6 for a school class with ID = 12
[2021-07-20 08:21:16] [INFO] [by.itechart.model.util.ValidationUtil] Validate an optional not to be equals NULL
[2021-07-20 08:21:16] [ERROR] [by.itechart.model.util.ValidationUtil] The exception has occurred for the class = by.itechart.model.Student
[2021-07-20 08:21:16] [INFO] [by.itechart.web.integration.StudentServiceIntegrationTest] Test saveStudent() method
[2021-07-20 08:21:16] [INFO] [by.itechart.model.util.ValidationUtil] Validate input params
[2021-07-20 08:21:16] [INFO] [by.itechart.service.student.StudentServiceImpl] Storing a student for the class with ID = 12
[2021-07-20 08:21:16] [INFO] [by.itechart.web.integration.StudentServiceIntegrationTest] Test getStudentById() method
[2021-07-20 08:21:16] [INFO] [by.itechart.model.util.ValidationUtil] Validate input params
[2021-07-20 08:21:16] [INFO] [by.itechart.service.student.StudentServiceImpl] Receive a student by ID = 6 for a school class with ID = 12
[2021-07-20 08:21:16] [INFO] [by.itechart.model.util.ValidationUtil] Validate an optional not to be equals NULL
[2021-07-20 08:21:16] [INFO] [by.itechart.web.integration.StudentServiceIntegrationTest] Test updateStudent() method
[2021-07-20 08:21:16] [INFO] [by.itechart.model.util.ValidationUtil] Validate input params
[2021-07-20 08:21:16] [INFO] [by.itechart.service.student.StudentServiceImpl] Update a student with ID = 6 for a class with ID = 12
[2021-07-20 08:21:16] [INFO] [by.itechart.web.integration.StudentServiceIntegrationTest] Test findAllStudent() method
[2021-07-20 08:21:16] [INFO] [by.itechart.model.util.ValidationUtil] Validate input params
[2021-07-20 08:21:16] [INFO] [by.itechart.service.student.StudentServiceImpl] Receive a pageable collection of all student for a class with ID = 12
[2021-07-20 08:21:16] [INFO] [org.springframework.boot.test.context.SpringBootTestContextBootstrapper] Neither @ContextConfiguration nor @ContextHierarchy found for test class [by.itechart.web.integration.UserServiceIntegrationTest], using SpringBootContextLoader
[2021-07-20 08:21:16] [INFO] [org.springframework.test.context.support.AbstractContextLoader] Could not detect default resource locations for test class [by.itechart.web.integration.UserServiceIntegrationTest]: no resource found for suffixes {-context.xml, Context.groovy}.
[2021-07-20 08:21:16] [INFO] [org.springframework.test.context.support.AnnotationConfigContextLoaderUtils] Could not detect default configuration classes for test class [by.itechart.web.integration.UserServiceIntegrationTest]: UserServiceIntegrationTest does not declare any static, non-private, non-final, nested classes annotated with @Configuration.
[2021-07-20 08:21:16] [INFO] [org.springframework.boot.test.context.SpringBootTestContextBootstrapper] Found @SpringBootConfiguration by.itechart.web.ApplicationWeb for test class by.itechart.web.integration.UserServiceIntegrationTest
[2021-07-20 08:21:16] [INFO] [org.springframework.boot.test.context.SpringBootTestContextBootstrapper] Loaded default TestExecutionListener class names from location [META-INF/spring.factories]: [org.springframework.security.test.context.support.WithSecurityContextTestExecutionListener, org.springframework.security.test.context.support.ReactorContextTestExecutionListener, org.springframework.test.context.web.ServletTestExecutionListener, org.springframework.test.context.support.DirtiesContextBeforeModesTestExecutionListener, org.springframework.test.context.event.ApplicationEventsTestExecutionListener, org.springframework.test.context.support.DependencyInjectionTestExecutionListener, org.springframework.test.context.support.DirtiesContextTestExecutionListener, org.springframework.test.context.transaction.TransactionalTestExecutionListener, org.springframework.test.context.jdbc.SqlScriptsTestExecutionListener, org.springframework.test.context.event.EventPublishingTestExecutionListener, org.springframework.boot.test.mock.mockito.MockitoTestExecutionListener, org.springframework.boot.test.mock.mockito.ResetMocksTestExecutionListener, org.springframework.boot.test.autoconfigure.restdocs.RestDocsTestExecutionListener, org.springframework.boot.test.autoconfigure.web.client.MockRestServiceServerResetTestExecutionListener, org.springframework.boot.test.autoconfigure.web.servlet.MockMvcPrintOnlyOnFailureTestExecutionListener, org.springframework.boot.test.autoconfigure.web.servlet.WebDriverTestExecutionListener, org.springframework.boot.test.autoconfigure.webservices.client.MockWebServiceServerTestExecutionListener]
[2021-07-20 08:21:16] [INFO] [org.springframework.boot.test.context.SpringBootTestContextBootstrapper] Using TestExecutionListeners: [org.springframework.test.context.web.ServletTestExecutionListener@72bf63a, org.springframework.test.context.support.DirtiesContextBeforeModesTestExecutionListener@2162b22d, org.springframework.test.context.event.ApplicationEventsTestExecutionListener@6a4ec62d, org.springframework.boot.test.mock.mockito.MockitoTestExecutionListener@14d294f4, org.springframework.boot.test.autoconfigure.SpringBootDependencyInjectionTestExecutionListener@4c902a72, org.springframework.test.context.support.DirtiesContextTestExecutionListener@78571a17, org.springframework.test.context.transaction.TransactionalTestExecutionListener@6434d49e, org.springframework.test.context.jdbc.SqlScriptsTestExecutionListener@64c189d8, org.springframework.security.test.context.support.WithSecurityContextTestExecutionListener@294ffc88, org.springframework.test.context.event.EventPublishingTestExecutionListener@6988dc14, org.springframework.security.test.context.support.ReactorContextTestExecutionListener@2b5a659f, org.springframework.boot.test.mock.mockito.ResetMocksTestExecutionListener@43bda665, org.springframework.boot.test.autoconfigure.restdocs.RestDocsTestExecutionListener@1540b926, org.springframework.boot.test.autoconfigure.web.client.MockRestServiceServerResetTestExecutionListener@3a07afe6, org.springframework.boot.test.autoconfigure.web.servlet.MockMvcPrintOnlyOnFailureTestExecutionListener@428943a4, org.springframework.boot.test.autoconfigure.web.servlet.WebDriverTestExecutionListener@6ca95b1e, org.springframework.boot.test.autoconfigure.webservices.client.MockWebServiceServerTestExecutionListener@7c305624]
[2021-07-20 08:21:16] [INFO] [by.itechart.web.integration.UserServiceIntegrationTest] Test deleteUserByName() method
[2021-07-20 08:21:16] [INFO] [by.itechart.model.util.ValidationUtil] Validate input params
[2021-07-20 08:21:16] [INFO] [by.itechart.service.user.UserServiceImpl] Remove a user by the name = alex@gmail.com
[2021-07-20 08:21:16] [INFO] [by.itechart.model.util.ValidationUtil] Validate input params
[2021-07-20 08:21:16] [INFO] [by.itechart.service.user.UserServiceImpl] Receive a user by the name = alex@gmail.com
[2021-07-20 08:21:16] [INFO] [by.itechart.model.util.ValidationUtil] Validate an optional not to be equals NULL
[2021-07-20 08:21:16] [ERROR] [by.itechart.model.util.ValidationUtil] The exception has occurred for the class = by.itechart.model.user.User
[2021-07-20 08:21:16] [INFO] [by.itechart.web.integration.UserServiceIntegrationTest] Test deleteUserById() method
[2021-07-20 08:21:16] [INFO] [by.itechart.model.util.ValidationUtil] Validate input params
[2021-07-20 08:21:16] [INFO] [by.itechart.service.user.UserServiceImpl] Remove a user by the ID = 100003
[2021-07-20 08:21:16] [INFO] [by.itechart.model.util.ValidationUtil] Validate input params
[2021-07-20 08:21:16] [INFO] [by.itechart.service.user.UserServiceImpl] Receive a user by the ID = 100003
[2021-07-20 08:21:16] [INFO] [by.itechart.model.util.ValidationUtil] Validate an optional not to be equals NULL
[2021-07-20 08:21:16] [ERROR] [by.itechart.model.util.ValidationUtil] The exception has occurred for the class = by.itechart.model.user.User
[2021-07-20 08:21:16] [INFO] [by.itechart.web.integration.UserServiceIntegrationTest] Test getAllUserByAuthority() method
[2021-07-20 08:21:16] [INFO] [by.itechart.model.util.ValidationUtil] Validate input params
[2021-07-20 08:21:16] [INFO] [by.itechart.service.user.UserServiceImpl] Receive a list of all users by the authority name = USER
[2021-07-20 08:21:16] [INFO] [by.itechart.web.integration.UserServiceIntegrationTest] Test getUserByName() method
[2021-07-20 08:21:16] [INFO] [by.itechart.model.util.ValidationUtil] Validate input params
[2021-07-20 08:21:16] [INFO] [by.itechart.service.user.UserServiceImpl] Receive a user by the name = alex@gmail.com
[2021-07-20 08:21:16] [INFO] [by.itechart.model.util.ValidationUtil] Validate an optional not to be equals NULL
[2021-07-20 08:21:16] [INFO] [by.itechart.web.integration.UserServiceIntegrationTest] Test getAllUsers() method
[2021-07-20 08:21:16] [INFO] [by.itechart.service.user.UserServiceImpl] Receive a list of all users
[2021-07-20 08:21:16] [INFO] [by.itechart.web.integration.UserServiceIntegrationTest] Test updateUser() method
[2021-07-20 08:21:16] [INFO] [by.itechart.model.util.ValidationUtil] Validate input params
[2021-07-20 08:21:16] [INFO] [by.itechart.service.user.UserServiceImpl] Update a user with the ID = 100003
[2021-07-20 08:21:16] [INFO] [by.itechart.model.util.ValidationUtil] Validate input params
[2021-07-20 08:21:16] [INFO] [by.itechart.service.user.UserServiceImpl] Receive a user by the ID = 100003
[2021-07-20 08:21:16] [INFO] [by.itechart.model.util.ValidationUtil] Validate an optional not to be equals NULL
[2021-07-20 08:21:16] [INFO] [by.itechart.web.integration.UserServiceIntegrationTest] Test saveUser() method
[2021-07-20 08:21:16] [INFO] [by.itechart.model.util.ValidationUtil] Validate input params
[2021-07-20 08:21:16] [INFO] [by.itechart.model.util.ValidationUtil] Validate input params
[2021-07-20 08:21:16] [INFO] [by.itechart.service.user.UserServiceImpl] Receive a user by the name = stored@gmail.com
[2021-07-20 08:21:16] [INFO] [by.itechart.model.util.ValidationUtil] Validate an optional not to be equals NULL
[2021-07-20 08:21:16] [ERROR] [by.itechart.model.util.ValidationUtil] The exception has occurred for the class = by.itechart.model.user.User
[2021-07-20 08:21:16] [INFO] [by.itechart.service.user.UserServiceImpl] Store a user with the name = stored@gmail.com
[2021-07-20 08:21:16] [INFO] [by.itechart.web.integration.UserServiceIntegrationTest] Test getUserById() method
[2021-07-20 08:21:16] [INFO] [by.itechart.model.util.ValidationUtil] Validate input params
[2021-07-20 08:21:16] [INFO] [by.itechart.service.user.UserServiceImpl] Receive a user by the ID = 100003
[2021-07-20 08:21:16] [INFO] [by.itechart.model.util.ValidationUtil] Validate an optional not to be equals NULL
[2021-07-20 08:21:16] [INFO] [org.springframework.orm.jpa.LocalContainerEntityManagerFactoryBean] Closing JPA EntityManagerFactory for persistence unit 'default'
[2021-07-20 08:21:16] [INFO] [com.zaxxer.hikari.HikariDataSource] HikariPool-1 - Shutdown initiated...
[2021-07-20 08:21:16] [INFO] [com.zaxxer.hikari.HikariDataSource] HikariPool-1 - Shutdown completed.
[2021-07-20 08:21:16] [INFO] [org.springframework.orm.jpa.LocalContainerEntityManagerFactoryBean] Closing JPA EntityManagerFactory for persistence unit 'default'
[2021-07-20 08:21:16] [INFO] [com.zaxxer.hikari.HikariDataSource] HikariPool-2 - Shutdown initiated...
[2021-07-20 08:21:16] [INFO] [com.zaxxer.hikari.HikariDataSource] HikariPool-2 - Shutdown completed.
[2021-07-20 08:27:21] [INFO] [org.hibernate.validator.internal.util.Version] HV000001: Hibernate Validator 6.2.0.Final
[2021-07-20 08:27:21] [INFO] [by.itechart.web.ApplicationWeb] Starting ApplicationWeb using Java 11.0.10 on WIN-DQOGFATQ970 with PID 8916 (C:\Users\user\IdeaProjects\clone\Attendings_journal\journal-common\web\target\classes started by user in C:\Users\user\IdeaProjects\clone\Attendings_journal)
[2021-07-20 08:27:21] [INFO] [by.itechart.web.ApplicationWeb] The following profiles are active: dev
[2021-07-20 08:27:22] [INFO] [org.springframework.data.repository.config.RepositoryConfigurationDelegate] Bootstrapping Spring Data JPA repositories in DEFAULT mode.
[2021-07-20 08:27:22] [INFO] [org.springframework.data.repository.config.RepositoryConfigurationDelegate] Finished Spring Data repository scanning in 123 ms. Found 6 JPA repository interfaces.
[2021-07-20 08:27:23] [INFO] [org.springframework.boot.web.embedded.tomcat.TomcatWebServer] Tomcat initialized with port(s): 8080 (http)
[2021-07-20 08:27:23] [INFO] [org.apache.coyote.http11.Http11NioProtocol] Initializing ProtocolHandler ["http-nio-8080"]
[2021-07-20 08:27:23] [INFO] [org.apache.catalina.core.StandardService] Starting service [Tomcat]
[2021-07-20 08:27:23] [INFO] [org.apache.catalina.core.StandardEngine] Starting Servlet engine: [Apache Tomcat/9.0.48]
[2021-07-20 08:27:23] [INFO] [org.apache.catalina.core.ContainerBase.[Tomcat].[localhost].[/]] Initializing Spring embedded WebApplicationContext
[2021-07-20 08:27:23] [INFO] [org.springframework.boot.web.servlet.context.ServletWebServerApplicationContext] Root WebApplicationContext: initialization completed in 2077 ms
[2021-07-20 08:27:23] [INFO] [org.flywaydb.core.internal.license.VersionPrinter] Flyway Community Edition 7.7.3 by Redgate
[2021-07-20 08:27:23] [INFO] [com.zaxxer.hikari.HikariDataSource] HikariPool-1 - Starting...
[2021-07-20 08:27:23] [INFO] [com.zaxxer.hikari.HikariDataSource] HikariPool-1 - Start completed.
[2021-07-20 08:27:23] [INFO] [org.flywaydb.core.internal.database.base.DatabaseType] Database: jdbc:postgresql://localhost:8081/journal (PostgreSQL 12.7)
[2021-07-20 08:27:23] [INFO] [org.flywaydb.core.internal.command.DbValidate] Successfully validated 13 migrations (execution time 00:00.114s)
[2021-07-20 08:27:23] [INFO] [org.flywaydb.core.internal.command.DbMigrate] Current version of schema "public": 13
[2021-07-20 08:27:23] [INFO] [org.flywaydb.core.internal.command.DbMigrate] Schema "public" is up to date. No migration necessary.
[2021-07-20 08:27:24] [INFO] [org.hibernate.jpa.internal.util.LogHelper] HHH000204: Processing PersistenceUnitInfo [name: default]
[2021-07-20 08:27:24] [INFO] [org.hibernate.Version] HHH000412: Hibernate ORM core version 5.4.32.Final
[2021-07-20 08:27:24] [INFO] [org.hibernate.annotations.common.Version] HCANN000001: Hibernate Commons Annotations {5.1.2.Final}
[2021-07-20 08:27:24] [INFO] [org.hibernate.dialect.Dialect] HHH000400: Using dialect: org.hibernate.dialect.PostgreSQL91Dialect
[2021-07-20 08:27:25] [INFO] [org.hibernate.engine.transaction.jta.platform.internal.JtaPlatformInitiator] HHH000490: Using JtaPlatform implementation: [org.hibernate.engine.transaction.jta.platform.internal.NoJtaPlatform]
[2021-07-20 08:27:25] [INFO] [org.springframework.orm.jpa.LocalContainerEntityManagerFactoryBean] Initialized JPA EntityManagerFactory for persistence unit 'default'
[2021-07-20 08:27:25] [WARN] [org.springframework.boot.autoconfigure.orm.jpa.JpaBaseConfiguration$JpaWebConfiguration] spring.jpa.open-in-view is enabled by default. Therefore, database queries may be performed during view rendering. Explicitly configure spring.jpa.open-in-view to disable this warning
[2021-07-20 08:27:25] [INFO] [org.springframework.security.web.DefaultSecurityFilterChain] Will secure Ant [pattern='/'] with []
[2021-07-20 08:27:25] [INFO] [org.springframework.security.web.DefaultSecurityFilterChain] Will secure Ant [pattern='/register'] with []
[2021-07-20 08:27:25] [INFO] [org.springframework.security.web.DefaultSecurityFilterChain] Will secure any request with [org.springframework.security.web.context.request.async.WebAsyncManagerIntegrationFilter@394e504d, org.springframework.security.web.context.SecurityContextPersistenceFilter@70a24463, org.springframework.security.web.header.HeaderWriterFilter@7e9ed4df, org.springframework.security.web.authentication.logout.LogoutFilter@7298c2d9, by.itechart.web.security.token.JwtFilter@29eaf100, org.springframework.security.web.savedrequest.RequestCacheAwareFilter@46eb2260, org.springframework.security.web.servletapi.SecurityContextHolderAwareRequestFilter@40071890, org.springframework.security.web.authentication.AnonymousAuthenticationFilter@62ff14cd, org.springframework.security.web.session.SessionManagementFilter@2b30b627, org.springframework.security.web.access.ExceptionTranslationFilter@10cb5047, org.springframework.security.web.access.intercept.FilterSecurityInterceptor@5b407336]
[2021-07-20 08:27:26] [INFO] [org.apache.coyote.http11.Http11NioProtocol] Starting ProtocolHandler ["http-nio-8080"]
[2021-07-20 08:27:26] [INFO] [org.springframework.boot.web.embedded.tomcat.TomcatWebServer] Tomcat started on port(s): 8080 (http) with context path ''
[2021-07-20 08:27:26] [INFO] [by.itechart.web.ApplicationWeb] Started ApplicationWeb in 5.666 seconds (JVM running for 7.92)
[2021-07-20 08:28:17] [INFO] [org.apache.catalina.core.ContainerBase.[Tomcat].[localhost].[/]] Initializing Spring DispatcherServlet 'dispatcherServlet'
[2021-07-20 08:28:17] [INFO] [org.springframework.web.servlet.DispatcherServlet] Initializing Servlet 'dispatcherServlet'
[2021-07-20 08:28:17] [INFO] [org.springframework.web.servlet.DispatcherServlet] Completed initialization in 1 ms
[2021-07-20 08:28:17] [INFO] [by.itechart.web.security.token.JwtFilter] Generate a JWT token
[2021-07-20 08:28:18] [INFO] [by.itechart.model.util.ValidationUtil] Validate input params
[2021-07-20 08:28:18] [INFO] [by.itechart.service.user.UserServiceImpl] Receive a user by the name = alex@gmail.com
[2021-07-20 08:28:18] [INFO] [by.itechart.model.util.ValidationUtil] Validate an optional not to be equals NULL
[2021-07-20 08:28:18] [INFO] [by.itechart.model.util.ValidationUtil] Validate input params
[2021-07-20 08:28:18] [INFO] [by.itechart.service.user.UserServiceImpl] Receive a user by the name = alex@gmail.com
[2021-07-20 08:28:18] [INFO] [by.itechart.model.util.ValidationUtil] Validate an optional not to be equals NULL
[2021-07-20 08:28:18] [INFO] [by.itechart.web.security.token.TokenProvider] The token is valid until Tue Jul 20 08:48:18 MSK 2021
[2021-07-20 08:28:18] [INFO] [by.itechart.model.util.ValidationUtil] Validate input params
[2021-07-20 08:28:18] [INFO] [by.itechart.service.refreshToken.RefreshTokenServiceImpl] Create new refresh token for user with the name = alex@gmail.com
[2021-07-20 08:28:18] [INFO] [by.itechart.model.util.ValidationUtil] Validate an optional not to be equals NULL
[2021-07-20 08:28:31] [INFO] [by.itechart.web.security.token.JwtFilter] Generate a JWT token
[2021-07-20 08:28:31] [INFO] [by.itechart.model.util.ValidationUtil] Validate input params
[2021-07-20 08:28:31] [INFO] [by.itechart.service.user.UserServiceImpl] Receive a user by the name = alex@gmail.com
[2021-07-20 08:28:31] [INFO] [by.itechart.model.util.ValidationUtil] Validate an optional not to be equals NULL
[2021-07-20 08:28:31] [INFO] [by.itechart.model.util.ValidationUtil] Validate input params
[2021-07-20 08:28:31] [INFO] [by.itechart.service.user.UserServiceImpl] Receive a user by the name = alex@gmail.com
[2021-07-20 08:28:31] [INFO] [by.itechart.model.util.ValidationUtil] Validate an optional not to be equals NULL
[2021-07-20 08:28:44] [INFO] [by.itechart.web.security.token.JwtFilter] Generate a JWT token
[2021-07-20 08:28:44] [INFO] [by.itechart.model.util.ValidationUtil] Validate input params
[2021-07-20 08:28:44] [INFO] [by.itechart.service.user.UserServiceImpl] Receive a user by the name = alex@gmail.com
[2021-07-20 08:28:44] [INFO] [by.itechart.model.util.ValidationUtil] Validate an optional not to be equals NULL
[2021-07-20 08:28:44] [INFO] [by.itechart.model.util.ValidationUtil] Validate input params
[2021-07-20 08:28:44] [INFO] [by.itechart.service.schoolClass.SchoolClassServiceImpl] Receive a school class by Id = 1
[2021-07-20 08:28:44] [INFO] [by.itechart.model.util.ValidationUtil] Validate an optional not to be equals NULL
[2021-07-20 08:29:01] [INFO] [by.itechart.web.security.token.JwtFilter] Generate a JWT token
[2021-07-20 08:29:01] [INFO] [by.itechart.model.util.ValidationUtil] Validate input params
[2021-07-20 08:29:01] [INFO] [by.itechart.service.user.UserServiceImpl] Receive a user by the name = alex@gmail.com
[2021-07-20 08:29:01] [INFO] [by.itechart.model.util.ValidationUtil] Validate an optional not to be equals NULL
[2021-07-20 08:29:01] [INFO] [by.itechart.model.util.ValidationUtil] Validate input params
[2021-07-20 08:29:01] [INFO] [by.itechart.service.attending.StudentAbsenceServiceImpl] Receive a collection of absence students for a class with ID = 1 on the date = 2021-07-19
[2021-07-20 08:29:01] [INFO] [by.itechart.model.util.ValidationUtil] Validate input params
[2021-07-20 08:29:01] [INFO] [by.itechart.service.absence.AbsenceServiceImpl] Receive absence by date = 2021-07-19
[2021-07-20 08:29:01] [INFO] [by.itechart.model.util.ValidationUtil] Validate an optional not to be equals NULL
[2021-07-20 08:29:01] [INFO] [by.itechart.model.util.ValidationUtil] Validate input params
[2021-07-20 08:29:01] [INFO] [by.itechart.service.student.StudentServiceImpl] Receive a collection of all student for a class with ID = 1
[2021-07-20 08:35:08] [WARN] [com.zaxxer.hikari.pool.HikariPool] HikariPool-1 - Thread starvation or clock leap detected (housekeeper delta=47s406ms962s900ns).
[2021-07-20 08:50:30] [INFO] [org.hibernate.validator.internal.util.Version] HV000001: Hibernate Validator 6.2.0.Final
[2021-07-20 08:50:30] [INFO] [by.itechart.web.ApplicationWeb] Starting ApplicationWeb using Java 11.0.10 on WIN-DQOGFATQ970 with PID 6672 (C:\Users\user\IdeaProjects\clone\Attendings_journal\journal-common\web\target\classes started by user in C:\Users\user\IdeaProjects\clone\Attendings_journal)
[2021-07-20 08:50:30] [INFO] [by.itechart.web.ApplicationWeb] The following profiles are active: dev
[2021-07-20 08:50:31] [INFO] [org.springframework.data.repository.config.RepositoryConfigurationDelegate] Bootstrapping Spring Data JPA repositories in DEFAULT mode.
[2021-07-20 08:50:31] [INFO] [org.springframework.data.repository.config.RepositoryConfigurationDelegate] Finished Spring Data repository scanning in 60 ms. Found 6 JPA repository interfaces.
[2021-07-20 08:50:32] [INFO] [org.springframework.boot.web.embedded.tomcat.TomcatWebServer] Tomcat initialized with port(s): 8080 (http)
[2021-07-20 08:50:32] [INFO] [org.apache.coyote.http11.Http11NioProtocol] Initializing ProtocolHandler ["http-nio-8080"]
[2021-07-20 08:50:32] [INFO] [org.apache.catalina.core.StandardService] Starting service [Tomcat]
[2021-07-20 08:50:32] [INFO] [org.apache.catalina.core.StandardEngine] Starting Servlet engine: [Apache Tomcat/9.0.48]
[2021-07-20 08:50:32] [INFO] [org.apache.catalina.core.ContainerBase.[Tomcat].[localhost].[/]] Initializing Spring embedded WebApplicationContext
[2021-07-20 08:50:32] [INFO] [org.springframework.boot.web.servlet.context.ServletWebServerApplicationContext] Root WebApplicationContext: initialization completed in 1683 ms
[2021-07-20 08:50:32] [INFO] [org.flywaydb.core.internal.license.VersionPrinter] Flyway Community Edition 7.7.3 by Redgate
[2021-07-20 08:50:32] [INFO] [com.zaxxer.hikari.HikariDataSource] HikariPool-1 - Starting...
[2021-07-20 08:50:32] [INFO] [com.zaxxer.hikari.HikariDataSource] HikariPool-1 - Start completed.
[2021-07-20 08:50:32] [INFO] [org.flywaydb.core.internal.database.base.DatabaseType] Database: jdbc:postgresql://localhost:8081/journal (PostgreSQL 12.7)
[2021-07-20 08:50:32] [INFO] [org.flywaydb.core.internal.command.DbValidate] Successfully validated 13 migrations (execution time 00:00.031s)
[2021-07-20 08:50:32] [INFO] [org.flywaydb.core.internal.command.DbMigrate] Current version of schema "public": 13
[2021-07-20 08:50:32] [INFO] [org.flywaydb.core.internal.command.DbMigrate] Schema "public" is up to date. No migration necessary.
[2021-07-20 08:50:32] [INFO] [org.hibernate.jpa.internal.util.LogHelper] HHH000204: Processing PersistenceUnitInfo [name: default]
[2021-07-20 08:50:32] [INFO] [org.hibernate.Version] HHH000412: Hibernate ORM core version 5.4.32.Final
[2021-07-20 08:50:33] [INFO] [org.hibernate.annotations.common.Version] HCANN000001: Hibernate Commons Annotations {5.1.2.Final}
[2021-07-20 08:50:33] [INFO] [org.hibernate.dialect.Dialect] HHH000400: Using dialect: org.hibernate.dialect.PostgreSQL91Dialect
[2021-07-20 08:50:33] [INFO] [org.hibernate.engine.transaction.jta.platform.internal.JtaPlatformInitiator] HHH000490: Using JtaPlatform implementation: [org.hibernate.engine.transaction.jta.platform.internal.NoJtaPlatform]
[2021-07-20 08:50:33] [INFO] [org.springframework.orm.jpa.LocalContainerEntityManagerFactoryBean] Initialized JPA EntityManagerFactory for persistence unit 'default'
[2021-07-20 08:50:34] [WARN] [org.springframework.boot.autoconfigure.orm.jpa.JpaBaseConfiguration$JpaWebConfiguration] spring.jpa.open-in-view is enabled by default. Therefore, database queries may be performed during view rendering. Explicitly configure spring.jpa.open-in-view to disable this warning
[2021-07-20 08:50:34] [INFO] [org.springframework.security.web.DefaultSecurityFilterChain] Will secure Ant [pattern='/'] with []
[2021-07-20 08:50:34] [INFO] [org.springframework.security.web.DefaultSecurityFilterChain] Will secure Ant [pattern='/register'] with []
[2021-07-20 08:50:34] [INFO] [org.springframework.security.web.DefaultSecurityFilterChain] Will secure any request with [org.springframework.security.web.context.request.async.WebAsyncManagerIntegrationFilter@67e628b, org.springframework.security.web.context.SecurityContextPersistenceFilter@63e0057a, org.springframework.security.web.header.HeaderWriterFilter@60f1f95b, org.springframework.security.web.authentication.logout.LogoutFilter@1a0b4955, by.itechart.web.security.token.JwtFilter@7f53a31f, org.springframework.security.web.savedrequest.RequestCacheAwareFilter@611a91df, org.springframework.security.web.servletapi.SecurityContextHolderAwareRequestFilter@4d6027be, org.springframework.security.web.authentication.AnonymousAuthenticationFilter@578c99ac, org.springframework.security.web.session.SessionManagementFilter@1cf4d454, org.springframework.security.web.access.ExceptionTranslationFilter@44580de0, org.springframework.security.web.access.intercept.FilterSecurityInterceptor@38834000]
[2021-07-20 08:50:35] [INFO] [org.apache.coyote.http11.Http11NioProtocol] Starting ProtocolHandler ["http-nio-8080"]
[2021-07-20 08:50:35] [INFO] [org.springframework.boot.web.embedded.tomcat.TomcatWebServer] Tomcat started on port(s): 8080 (http) with context path ''
[2021-07-20 08:50:35] [INFO] [by.itechart.web.ApplicationWeb] Started ApplicationWeb in 5.086 seconds (JVM running for 6.335)
[2021-07-20 08:51:02] [INFO] [org.apache.catalina.core.ContainerBase.[Tomcat].[localhost].[/]] Initializing Spring DispatcherServlet 'dispatcherServlet'
[2021-07-20 08:51:02] [INFO] [org.springframework.web.servlet.DispatcherServlet] Initializing Servlet 'dispatcherServlet'
[2021-07-20 08:51:02] [INFO] [org.springframework.web.servlet.DispatcherServlet] Completed initialization in 1 ms
[2021-07-20 08:51:02] [INFO] [by.itechart.web.security.token.JwtFilter] Generate a JWT token
[2021-07-20 08:51:15] [INFO] [by.itechart.web.security.token.JwtFilter] Generate a JWT token
[2021-07-20 08:51:15] [INFO] [by.itechart.model.util.ValidationUtil] Validate input params
[2021-07-20 08:51:15] [INFO] [by.itechart.service.user.UserServiceImpl] Receive a user by the name = alex@gmail.com
[2021-07-20 08:51:15] [INFO] [by.itechart.model.util.ValidationUtil] Validate an optional not to be equals NULL
[2021-07-20 08:51:15] [INFO] [by.itechart.model.util.ValidationUtil] Validate input params
[2021-07-20 08:51:15] [INFO] [by.itechart.service.user.UserServiceImpl] Receive a user by the name = alex@gmail.com
[2021-07-20 08:51:15] [INFO] [by.itechart.model.util.ValidationUtil] Validate an optional not to be equals NULL
[2021-07-20 08:51:15] [INFO] [by.itechart.web.security.token.TokenProvider] The token is valid until Tue Jul 20 09:11:15 MSK 2021
[2021-07-20 08:51:15] [INFO] [by.itechart.model.util.ValidationUtil] Validate input params
[2021-07-20 08:51:15] [INFO] [by.itechart.service.refreshToken.RefreshTokenServiceImpl] Create new refresh token for user with the name = alex@gmail.com
[2021-07-20 08:51:15] [INFO] [by.itechart.model.util.ValidationUtil] Validate an optional not to be equals NULL
[2021-07-20 08:51:28] [INFO] [by.itechart.web.security.token.JwtFilter] Generate a JWT token
[2021-07-20 08:51:28] [INFO] [by.itechart.model.util.ValidationUtil] Validate input params
[2021-07-20 08:51:28] [INFO] [by.itechart.service.user.UserServiceImpl] Receive a user by the name = alex@gmail.com
[2021-07-20 08:51:28] [INFO] [by.itechart.model.util.ValidationUtil] Validate an optional not to be equals NULL
[2021-07-20 08:51:28] [INFO] [by.itechart.model.util.ValidationUtil] Validate input params
[2021-07-20 08:51:28] [INFO] [by.itechart.service.attending.StudentAbsenceServiceImpl] Receive a collection of absence students for a class with ID = 1 on the date = 2021-07-19
[2021-07-20 08:51:28] [INFO] [by.itechart.model.util.ValidationUtil] Validate input params
[2021-07-20 08:51:28] [INFO] [by.itechart.service.absence.AbsenceServiceImpl] Receive absence by date = 2021-07-19
[2021-07-20 08:51:28] [INFO] [by.itechart.model.util.ValidationUtil] Validate an optional not to be equals NULL
[2021-07-20 08:51:28] [INFO] [by.itechart.model.util.ValidationUtil] Validate input params
[2021-07-20 08:51:28] [INFO] [by.itechart.service.student.StudentServiceImpl] Receive a collection of all student for a class with ID = 1
[2021-07-20 08:52:49] [INFO] [by.itechart.web.security.token.JwtFilter] Generate a JWT token
[2021-07-20 08:52:49] [INFO] [by.itechart.model.util.ValidationUtil] Validate input params
[2021-07-20 08:52:49] [INFO] [by.itechart.service.user.UserServiceImpl] Receive a user by the name = alex@gmail.com
[2021-07-20 08:52:49] [INFO] [by.itechart.model.util.ValidationUtil] Validate an optional not to be equals NULL
[2021-07-20 08:52:49] [INFO] [by.itechart.mapping.student.StudentMapperWithSchoolClass] Mapping student dto id set to the student set
[2021-07-20 08:52:49] [INFO] [by.itechart.model.util.ValidationUtil] Validate input params
[2021-07-20 08:52:49] [INFO] [by.itechart.service.attending.StudentAbsenceServiceImpl] Store a list of users to the absence list
[2021-07-20 08:52:49] [INFO] [by.itechart.model.util.ValidationUtil] Validate input params
[2021-07-20 08:52:49] [INFO] [by.itechart.service.absence.AbsenceServiceImpl] Receive absence by date = 2021-07-20
[2021-07-20 08:52:49] [INFO] [by.itechart.model.util.ValidationUtil] Validate an optional not to be equals NULL
[2021-07-20 08:52:49] [ERROR] [by.itechart.model.util.ValidationUtil] The exception has occurred for the class = by.itechart.model.Absence
[2021-07-20 08:52:49] [INFO] [by.itechart.model.util.ValidationUtil] Validate input params
[2021-07-20 08:52:49] [INFO] [by.itechart.service.absence.AbsenceServiceImpl] Store absence
[2021-07-20 08:52:49] [INFO] [by.itechart.model.util.ValidationUtil] Validate input params
[2021-07-20 08:52:49] [INFO] [by.itechart.service.student.StudentServiceImpl] Save a set of students
[2021-07-20 08:52:55] [INFO] [by.itechart.web.security.token.JwtFilter] Generate a JWT token
[2021-07-20 08:52:55] [INFO] [by.itechart.model.util.ValidationUtil] Validate input params
[2021-07-20 08:52:55] [INFO] [by.itechart.service.user.UserServiceImpl] Receive a user by the name = alex@gmail.com
[2021-07-20 08:52:55] [INFO] [by.itechart.model.util.ValidationUtil] Validate an optional not to be equals NULL
[2021-07-20 08:52:55] [INFO] [by.itechart.model.util.ValidationUtil] Validate input params
[2021-07-20 08:52:55] [INFO] [by.itechart.service.attending.StudentAbsenceServiceImpl] Receive a collection of absence students for a class with ID = 2 on the date = 2021-07-20
[2021-07-20 08:52:55] [INFO] [by.itechart.model.util.ValidationUtil] Validate input params
[2021-07-20 08:52:55] [INFO] [by.itechart.service.absence.AbsenceServiceImpl] Receive absence by date = 2021-07-20
[2021-07-20 08:52:55] [INFO] [by.itechart.model.util.ValidationUtil] Validate an optional not to be equals NULL
[2021-07-20 08:52:55] [INFO] [by.itechart.model.util.ValidationUtil] Validate input params
[2021-07-20 08:52:55] [INFO] [by.itechart.service.student.StudentServiceImpl] Receive a collection of all student for a class with ID = 2
[2021-07-20 08:53:00] [INFO] [by.itechart.web.security.token.JwtFilter] Generate a JWT token
[2021-07-20 08:53:00] [INFO] [by.itechart.model.util.ValidationUtil] Validate input params
[2021-07-20 08:53:00] [INFO] [by.itechart.service.user.UserServiceImpl] Receive a user by the name = alex@gmail.com
[2021-07-20 08:53:00] [INFO] [by.itechart.model.util.ValidationUtil] Validate an optional not to be equals NULL
[2021-07-20 08:53:00] [INFO] [by.itechart.model.util.ValidationUtil] Validate input params
[2021-07-20 08:53:00] [INFO] [by.itechart.service.attending.StudentAbsenceServiceImpl] Receive a collection of absence students for a class with ID = 2 on the date = 2021-07-19
[2021-07-20 08:53:00] [INFO] [by.itechart.model.util.ValidationUtil] Validate input params
[2021-07-20 08:53:00] [INFO] [by.itechart.service.absence.AbsenceServiceImpl] Receive absence by date = 2021-07-19
[2021-07-20 08:53:00] [INFO] [by.itechart.model.util.ValidationUtil] Validate an optional not to be equals NULL
[2021-07-20 08:53:00] [INFO] [by.itechart.model.util.ValidationUtil] Validate input params
[2021-07-20 08:53:00] [INFO] [by.itechart.service.student.StudentServiceImpl] Receive a collection of all student for a class with ID = 2
[2021-07-20 08:53:03] [INFO] [by.itechart.web.security.token.JwtFilter] Generate a JWT token
[2021-07-20 08:53:03] [INFO] [by.itechart.model.util.ValidationUtil] Validate input params
[2021-07-20 08:53:03] [INFO] [by.itechart.service.user.UserServiceImpl] Receive a user by the name = alex@gmail.com
[2021-07-20 08:53:03] [INFO] [by.itechart.model.util.ValidationUtil] Validate an optional not to be equals NULL
[2021-07-20 08:53:03] [INFO] [by.itechart.model.util.ValidationUtil] Validate input params
[2021-07-20 08:53:03] [INFO] [by.itechart.service.attending.StudentAbsenceServiceImpl] Receive a collection of absence students for a class with ID = 2 on the date = 2021-07-18
[2021-07-20 08:53:03] [INFO] [by.itechart.model.util.ValidationUtil] Validate input params
[2021-07-20 08:53:03] [INFO] [by.itechart.service.absence.AbsenceServiceImpl] Receive absence by date = 2021-07-18
[2021-07-20 08:53:03] [INFO] [by.itechart.model.util.ValidationUtil] Validate an optional not to be equals NULL
[2021-07-20 08:53:03] [ERROR] [by.itechart.model.util.ValidationUtil] The exception has occurred for the class = by.itechart.model.Absence
[2021-07-20 08:53:03] [ERROR] [org.apache.catalina.core.ContainerBase.[Tomcat].[localhost].[/].[dispatcherServlet]] Servlet.service() for servlet [dispatcherServlet] in context with path [] threw exception [Request processing failed; nested exception is java.lang.IllegalStateException: Invocation failure
Controller [by.itechart.web.controller.attending.StudentAbsenceController]
Method [public org.springframework.http.ResponseEntity<java.util.List<by.itechart.mapping.dto.student.StudentDtoId>> by.itechart.web.controller.attending.StudentAbsenceController.getClassAbsenceByDate(java.lang.Long,java.time.LocalDate) throws java.lang.Throwable] with argument values:
 [0] [type=java.lang.Long] [value=2],
[1] [type=java.time.LocalDate] [value=2021-07-18] ] with root cause
by.itechart.model.exception.AbsenceNotFoundException: An absence object not found
	at by.itechart.model.util.ValidationUtil.getExceptionByClassName(ValidationUtil.java:73)
	at by.itechart.model.util.ValidationUtil.validateOptional(ValidationUtil.java:38)
	at by.itechart.service.absence.AbsenceServiceImpl.getAbsenceByAbsenceDate(AbsenceServiceImpl.java:43)
	at by.itechart.service.attending.StudentAbsenceServiceImpl.getAllByAbsenceDatesAndSchoolClassId(StudentAbsenceServiceImpl.java:37)
	at by.itechart.web.controller.attending.StudentAbsenceController.getClassAbsenceByDate(StudentAbsenceController.java:43)
	at java.base/jdk.internal.reflect.NativeMethodAccessorImpl.invoke0(Native Method)
	at java.base/jdk.internal.reflect.NativeMethodAccessorImpl.invoke(NativeMethodAccessorImpl.java:62)
	at java.base/jdk.internal.reflect.DelegatingMethodAccessorImpl.invoke(DelegatingMethodAccessorImpl.java:43)
	at java.base/java.lang.reflect.Method.invoke(Method.java:566)
	at org.springframework.web.method.support.InvocableHandlerMethod.doInvoke(InvocableHandlerMethod.java:197)
	at org.springframework.web.method.support.InvocableHandlerMethod.invokeForRequest(InvocableHandlerMethod.java:141)
	at org.springframework.web.servlet.mvc.method.annotation.ServletInvocableHandlerMethod.invokeAndHandle(ServletInvocableHandlerMethod.java:106)
	at org.springframework.web.servlet.mvc.method.annotation.RequestMappingHandlerAdapter.invokeHandlerMethod(RequestMappingHandlerAdapter.java:894)
	at org.springframework.web.servlet.mvc.method.annotation.RequestMappingHandlerAdapter.handleInternal(RequestMappingHandlerAdapter.java:808)
	at org.springframework.web.servlet.mvc.method.AbstractHandlerMethodAdapter.handle(AbstractHandlerMethodAdapter.java:87)
	at org.springframework.web.servlet.DispatcherServlet.doDispatch(DispatcherServlet.java:1063)
	at org.springframework.web.servlet.DispatcherServlet.doService(DispatcherServlet.java:963)
	at org.springframework.web.servlet.FrameworkServlet.processRequest(FrameworkServlet.java:1006)
	at org.springframework.web.servlet.FrameworkServlet.doGet(FrameworkServlet.java:898)
	at javax.servlet.http.HttpServlet.service(HttpServlet.java:655)
	at org.springframework.web.servlet.FrameworkServlet.service(FrameworkServlet.java:883)
	at javax.servlet.http.HttpServlet.service(HttpServlet.java:764)
	at org.apache.catalina.core.ApplicationFilterChain.internalDoFilter(ApplicationFilterChain.java:228)
	at org.apache.catalina.core.ApplicationFilterChain.doFilter(ApplicationFilterChain.java:163)
	at org.apache.tomcat.websocket.server.WsFilter.doFilter(WsFilter.java:53)
	at org.apache.catalina.core.ApplicationFilterChain.internalDoFilter(ApplicationFilterChain.java:190)
	at org.apache.catalina.core.ApplicationFilterChain.doFilter(ApplicationFilterChain.java:163)
	at org.springframework.web.filter.OncePerRequestFilter.doFilter(OncePerRequestFilter.java:113)
	at org.apache.catalina.core.ApplicationFilterChain.internalDoFilter(ApplicationFilterChain.java:190)
	at org.apache.catalina.core.ApplicationFilterChain.doFilter(ApplicationFilterChain.java:163)
	at org.springframework.security.web.FilterChainProxy$VirtualFilterChain.doFilter(FilterChainProxy.java:327)
	at org.springframework.security.web.access.intercept.FilterSecurityInterceptor.invoke(FilterSecurityInterceptor.java:115)
	at org.springframework.security.web.access.intercept.FilterSecurityInterceptor.doFilter(FilterSecurityInterceptor.java:81)
	at org.springframework.security.web.FilterChainProxy$VirtualFilterChain.doFilter(FilterChainProxy.java:336)
	at org.springframework.security.web.access.ExceptionTranslationFilter.doFilter(ExceptionTranslationFilter.java:121)
	at org.springframework.security.web.access.ExceptionTranslationFilter.doFilter(ExceptionTranslationFilter.java:115)
	at org.springframework.security.web.FilterChainProxy$VirtualFilterChain.doFilter(FilterChainProxy.java:336)
	at org.springframework.security.web.session.SessionManagementFilter.doFilter(SessionManagementFilter.java:126)
	at org.springframework.security.web.session.SessionManagementFilter.doFilter(SessionManagementFilter.java:81)
	at org.springframework.security.web.FilterChainProxy$VirtualFilterChain.doFilter(FilterChainProxy.java:336)
	at org.springframework.security.web.authentication.AnonymousAuthenticationFilter.doFilter(AnonymousAuthenticationFilter.java:105)
	at org.springframework.security.web.FilterChainProxy$VirtualFilterChain.doFilter(FilterChainProxy.java:336)
	at org.springframework.security.web.servletapi.SecurityContextHolderAwareRequestFilter.doFilter(SecurityContextHolderAwareRequestFilter.java:149)
	at org.springframework.security.web.FilterChainProxy$VirtualFilterChain.doFilter(FilterChainProxy.java:336)
	at org.springframework.security.web.savedrequest.RequestCacheAwareFilter.doFilter(RequestCacheAwareFilter.java:63)
	at org.springframework.security.web.FilterChainProxy$VirtualFilterChain.doFilter(FilterChainProxy.java:336)
	at by.itechart.web.security.token.JwtFilter.doFilterInternal(JwtFilter.java:53)
	at org.springframework.web.filter.OncePerRequestFilter.doFilter(OncePerRequestFilter.java:119)
	at org.springframework.security.web.FilterChainProxy$VirtualFilterChain.doFilter(FilterChainProxy.java:336)
	at org.springframework.security.web.authentication.logout.LogoutFilter.doFilter(LogoutFilter.java:103)
	at org.springframework.security.web.authentication.logout.LogoutFilter.doFilter(LogoutFilter.java:89)
	at org.springframework.security.web.FilterChainProxy$VirtualFilterChain.doFilter(FilterChainProxy.java:336)
	at org.springframework.security.web.header.HeaderWriterFilter.doHeadersAfter(HeaderWriterFilter.java:90)
	at org.springframework.security.web.header.HeaderWriterFilter.doFilterInternal(HeaderWriterFilter.java:75)
	at org.springframework.web.filter.OncePerRequestFilter.doFilter(OncePerRequestFilter.java:119)
	at org.springframework.security.web.FilterChainProxy$VirtualFilterChain.doFilter(FilterChainProxy.java:336)
	at org.springframework.security.web.context.SecurityContextPersistenceFilter.doFilter(SecurityContextPersistenceFilter.java:110)
	at org.springframework.security.web.context.SecurityContextPersistenceFilter.doFilter(SecurityContextPersistenceFilter.java:80)
	at org.springframework.security.web.FilterChainProxy$VirtualFilterChain.doFilter(FilterChainProxy.java:336)
	at org.springframework.security.web.context.request.async.WebAsyncManagerIntegrationFilter.doFilterInternal(WebAsyncManagerIntegrationFilter.java:55)
	at org.springframework.web.filter.OncePerRequestFilter.doFilter(OncePerRequestFilter.java:119)
	at org.springframework.security.web.FilterChainProxy$VirtualFilterChain.doFilter(FilterChainProxy.java:336)
	at org.springframework.security.web.FilterChainProxy.doFilterInternal(FilterChainProxy.java:211)
	at org.springframework.security.web.FilterChainProxy.doFilter(FilterChainProxy.java:183)
	at org.springframework.web.filter.DelegatingFilterProxy.invokeDelegate(DelegatingFilterProxy.java:358)
	at org.springframework.web.filter.DelegatingFilterProxy.doFilter(DelegatingFilterProxy.java:271)
	at org.apache.catalina.core.ApplicationFilterChain.internalDoFilter(ApplicationFilterChain.java:190)
	at org.apache.catalina.core.ApplicationFilterChain.doFilter(ApplicationFilterChain.java:163)
	at org.springframework.web.filter.RequestContextFilter.doFilterInternal(RequestContextFilter.java:100)
	at org.springframework.web.filter.OncePerRequestFilter.doFilter(OncePerRequestFilter.java:119)
	at org.apache.catalina.core.ApplicationFilterChain.internalDoFilter(ApplicationFilterChain.java:190)
	at org.apache.catalina.core.ApplicationFilterChain.doFilter(ApplicationFilterChain.java:163)
	at org.springframework.web.filter.FormContentFilter.doFilterInternal(FormContentFilter.java:93)
	at org.springframework.web.filter.OncePerRequestFilter.doFilter(OncePerRequestFilter.java:119)
	at org.apache.catalina.core.ApplicationFilterChain.internalDoFilter(ApplicationFilterChain.java:190)
	at org.apache.catalina.core.ApplicationFilterChain.doFilter(ApplicationFilterChain.java:163)
	at org.springframework.web.filter.CharacterEncodingFilter.doFilterInternal(CharacterEncodingFilter.java:201)
	at org.springframework.web.filter.OncePerRequestFilter.doFilter(OncePerRequestFilter.java:119)
	at org.apache.catalina.core.ApplicationFilterChain.internalDoFilter(ApplicationFilterChain.java:190)
	at org.apache.catalina.core.ApplicationFilterChain.doFilter(ApplicationFilterChain.java:163)
	at org.apache.catalina.core.StandardWrapperValve.invoke(StandardWrapperValve.java:202)
	at org.apache.catalina.core.StandardContextValve.invoke(StandardContextValve.java:97)
	at org.apache.catalina.authenticator.AuthenticatorBase.invoke(AuthenticatorBase.java:542)
	at org.apache.catalina.core.StandardHostValve.invoke(StandardHostValve.java:143)
	at org.apache.catalina.valves.ErrorReportValve.invoke(ErrorReportValve.java:92)
	at org.apache.catalina.core.StandardEngineValve.invoke(StandardEngineValve.java:78)
	at org.apache.catalina.connector.CoyoteAdapter.service(CoyoteAdapter.java:357)
	at org.apache.coyote.http11.Http11Processor.service(Http11Processor.java:382)
	at org.apache.coyote.AbstractProcessorLight.process(AbstractProcessorLight.java:65)
	at org.apache.coyote.AbstractProtocol$ConnectionHandler.process(AbstractProtocol.java:893)
	at org.apache.tomcat.util.net.NioEndpoint$SocketProcessor.doRun(NioEndpoint.java:1723)
	at org.apache.tomcat.util.net.SocketProcessorBase.run(SocketProcessorBase.java:49)
	at java.base/java.util.concurrent.ThreadPoolExecutor.runWorker(ThreadPoolExecutor.java:1128)
	at java.base/java.util.concurrent.ThreadPoolExecutor$Worker.run(ThreadPoolExecutor.java:628)
	at org.apache.tomcat.util.threads.TaskThread$WrappingRunnable.run(TaskThread.java:61)
	at java.base/java.lang.Thread.run(Thread.java:834)
[2021-07-20 08:54:52] [INFO] [org.hibernate.validator.internal.util.Version] HV000001: Hibernate Validator 6.2.0.Final
[2021-07-20 08:54:52] [INFO] [by.itechart.web.ApplicationWeb] Starting ApplicationWeb using Java 11.0.10 on WIN-DQOGFATQ970 with PID 9920 (C:\Users\user\IdeaProjects\clone\Attendings_journal\journal-common\web\target\classes started by user in C:\Users\user\IdeaProjects\clone\Attendings_journal)
[2021-07-20 08:54:52] [INFO] [by.itechart.web.ApplicationWeb] The following profiles are active: dev
[2021-07-20 08:54:53] [INFO] [org.springframework.data.repository.config.RepositoryConfigurationDelegate] Bootstrapping Spring Data JPA repositories in DEFAULT mode.
[2021-07-20 08:54:53] [INFO] [org.springframework.data.repository.config.RepositoryConfigurationDelegate] Finished Spring Data repository scanning in 57 ms. Found 6 JPA repository interfaces.
[2021-07-20 08:54:54] [INFO] [org.springframework.boot.web.embedded.tomcat.TomcatWebServer] Tomcat initialized with port(s): 8080 (http)
[2021-07-20 08:54:54] [INFO] [org.apache.coyote.http11.Http11NioProtocol] Initializing ProtocolHandler ["http-nio-8080"]
[2021-07-20 08:54:54] [INFO] [org.apache.catalina.core.StandardService] Starting service [Tomcat]
[2021-07-20 08:54:54] [INFO] [org.apache.catalina.core.StandardEngine] Starting Servlet engine: [Apache Tomcat/9.0.48]
[2021-07-20 08:54:54] [INFO] [org.apache.catalina.core.ContainerBase.[Tomcat].[localhost].[/]] Initializing Spring embedded WebApplicationContext
[2021-07-20 08:54:54] [INFO] [org.springframework.boot.web.servlet.context.ServletWebServerApplicationContext] Root WebApplicationContext: initialization completed in 1506 ms
[2021-07-20 08:54:54] [INFO] [org.flywaydb.core.internal.license.VersionPrinter] Flyway Community Edition 7.7.3 by Redgate
[2021-07-20 08:54:54] [INFO] [com.zaxxer.hikari.HikariDataSource] HikariPool-1 - Starting...
[2021-07-20 08:54:54] [INFO] [com.zaxxer.hikari.HikariDataSource] HikariPool-1 - Start completed.
[2021-07-20 08:54:54] [INFO] [org.flywaydb.core.internal.database.base.DatabaseType] Database: jdbc:postgresql://localhost:8081/journal (PostgreSQL 12.7)
[2021-07-20 08:54:54] [INFO] [org.flywaydb.core.internal.command.DbValidate] Successfully validated 13 migrations (execution time 00:00.028s)
[2021-07-20 08:54:54] [INFO] [org.flywaydb.core.internal.command.DbMigrate] Current version of schema "public": 13
[2021-07-20 08:54:54] [INFO] [org.flywaydb.core.internal.command.DbMigrate] Schema "public" is up to date. No migration necessary.
[2021-07-20 08:54:54] [INFO] [org.hibernate.jpa.internal.util.LogHelper] HHH000204: Processing PersistenceUnitInfo [name: default]
[2021-07-20 08:54:54] [INFO] [org.hibernate.Version] HHH000412: Hibernate ORM core version 5.4.32.Final
[2021-07-20 08:54:54] [INFO] [org.hibernate.annotations.common.Version] HCANN000001: Hibernate Commons Annotations {5.1.2.Final}
[2021-07-20 08:54:55] [INFO] [org.hibernate.dialect.Dialect] HHH000400: Using dialect: org.hibernate.dialect.PostgreSQL91Dialect
[2021-07-20 08:54:55] [INFO] [org.hibernate.engine.transaction.jta.platform.internal.JtaPlatformInitiator] HHH000490: Using JtaPlatform implementation: [org.hibernate.engine.transaction.jta.platform.internal.NoJtaPlatform]
[2021-07-20 08:54:55] [INFO] [org.springframework.orm.jpa.LocalContainerEntityManagerFactoryBean] Initialized JPA EntityManagerFactory for persistence unit 'default'
[2021-07-20 08:54:56] [WARN] [org.springframework.boot.autoconfigure.orm.jpa.JpaBaseConfiguration$JpaWebConfiguration] spring.jpa.open-in-view is enabled by default. Therefore, database queries may be performed during view rendering. Explicitly configure spring.jpa.open-in-view to disable this warning
[2021-07-20 08:54:56] [INFO] [org.springframework.security.web.DefaultSecurityFilterChain] Will secure Ant [pattern='/'] with []
[2021-07-20 08:54:56] [INFO] [org.springframework.security.web.DefaultSecurityFilterChain] Will secure Ant [pattern='/register'] with []
[2021-07-20 08:54:56] [INFO] [org.springframework.security.web.DefaultSecurityFilterChain] Will secure any request with [org.springframework.security.web.context.request.async.WebAsyncManagerIntegrationFilter@48cd8e71, org.springframework.security.web.context.SecurityContextPersistenceFilter@6166aac5, org.springframework.security.web.header.HeaderWriterFilter@9734cae, org.springframework.security.web.authentication.logout.LogoutFilter@6cb417fc, by.itechart.web.security.token.JwtFilter@5af641d3, org.springframework.security.web.savedrequest.RequestCacheAwareFilter@1d4531fa, org.springframework.security.web.servletapi.SecurityContextHolderAwareRequestFilter@2689b752, org.springframework.security.web.authentication.AnonymousAuthenticationFilter@43b3b1b0, org.springframework.security.web.session.SessionManagementFilter@370a935f, org.springframework.security.web.access.ExceptionTranslationFilter@aade5a2, org.springframework.security.web.access.intercept.FilterSecurityInterceptor@32e9c3af]
[2021-07-20 08:54:56] [INFO] [org.apache.coyote.http11.Http11NioProtocol] Starting ProtocolHandler ["http-nio-8080"]
[2021-07-20 08:54:56] [INFO] [org.springframework.boot.web.embedded.tomcat.TomcatWebServer] Tomcat started on port(s): 8080 (http) with context path ''
[2021-07-20 08:54:57] [INFO] [by.itechart.web.ApplicationWeb] Started ApplicationWeb in 4.828 seconds (JVM running for 6.181)
[2021-07-20 08:55:07] [INFO] [org.apache.catalina.core.ContainerBase.[Tomcat].[localhost].[/]] Initializing Spring DispatcherServlet 'dispatcherServlet'
[2021-07-20 08:55:07] [INFO] [org.springframework.web.servlet.DispatcherServlet] Initializing Servlet 'dispatcherServlet'
[2021-07-20 08:55:07] [INFO] [org.springframework.web.servlet.DispatcherServlet] Completed initialization in 2 ms
[2021-07-20 08:55:07] [INFO] [by.itechart.web.security.token.JwtFilter] Generate a JWT token
[2021-07-20 08:55:07] [INFO] [by.itechart.model.util.ValidationUtil] Validate input params
[2021-07-20 08:55:07] [INFO] [by.itechart.service.user.UserServiceImpl] Receive a user by the name = alex@gmail.com
[2021-07-20 08:55:08] [INFO] [by.itechart.model.util.ValidationUtil] Validate an optional not to be equals NULL
[2021-07-20 08:55:08] [INFO] [by.itechart.model.util.ValidationUtil] Validate input params
[2021-07-20 08:55:08] [INFO] [by.itechart.service.attending.StudentAbsenceServiceImpl] Receive a collection of absence students for a class with ID = 2 on the date = 2021-07-18
[2021-07-20 08:55:08] [INFO] [by.itechart.model.util.ValidationUtil] Validate input params
[2021-07-20 08:55:08] [INFO] [by.itechart.service.absence.AbsenceServiceImpl] Receive absence by date = 2021-07-18
[2021-07-20 08:55:08] [INFO] [by.itechart.model.util.ValidationUtil] Validate an optional not to be equals NULL
[2021-07-20 08:55:08] [ERROR] [by.itechart.model.util.ValidationUtil] The exception has occurred for the class = by.itechart.model.Absence
